mode: set
github.com/sentra-iam/sentra-iam/docs/docs.go:3651.13,3653.2 1 1
github.com/sentra-iam/sentra-iam/internal/crypto/mfa_secret.go:13.43,16.2 2 1
github.com/sentra-iam/sentra-iam/internal/crypto/mfa_secret.go:19.70,20.21 1 1
github.com/sentra-iam/sentra-iam/internal/crypto/mfa_secret.go:20.21,22.3 1 1
github.com/sentra-iam/sentra-iam/internal/crypto/mfa_secret.go:23.2,25.16 3 1
github.com/sentra-iam/sentra-iam/internal/crypto/mfa_secret.go:25.16,27.3 1 0
github.com/sentra-iam/sentra-iam/internal/crypto/mfa_secret.go:28.2,29.16 2 1
github.com/sentra-iam/sentra-iam/internal/crypto/mfa_secret.go:29.16,31.3 1 0
github.com/sentra-iam/sentra-iam/internal/crypto/mfa_secret.go:32.2,33.44 2 1
github.com/sentra-iam/sentra-iam/internal/crypto/mfa_secret.go:33.44,35.3 1 0
github.com/sentra-iam/sentra-iam/internal/crypto/mfa_secret.go:36.2,37.55 2 1
github.com/sentra-iam/sentra-iam/internal/crypto/mfa_secret.go:41.68,43.16 2 1
github.com/sentra-iam/sentra-iam/internal/crypto/mfa_secret.go:43.16,45.3 1 1
github.com/sentra-iam/sentra-iam/internal/crypto/mfa_secret.go:46.2,48.16 3 1
github.com/sentra-iam/sentra-iam/internal/crypto/mfa_secret.go:48.16,50.3 1 0
github.com/sentra-iam/sentra-iam/internal/crypto/mfa_secret.go:51.2,52.16 2 1
github.com/sentra-iam/sentra-iam/internal/crypto/mfa_secret.go:52.16,54.3 1 0
github.com/sentra-iam/sentra-iam/internal/crypto/mfa_secret.go:55.2,56.19 2 1
github.com/sentra-iam/sentra-iam/internal/crypto/mfa_secret.go:56.19,58.3 1 1
github.com/sentra-iam/sentra-iam/internal/crypto/mfa_secret.go:59.2,61.16 3 1
github.com/sentra-iam/sentra-iam/internal/crypto/mfa_secret.go:61.16,63.3 1 1
github.com/sentra-iam/sentra-iam/internal/crypto/mfa_secret.go:64.2,64.24 1 1
github.com/sentra-iam/sentra-iam/internal/constants/identity_provider.go:39.67,41.50 2 1
github.com/sentra-iam/sentra-iam/internal/constants/identity_provider.go:41.50,42.38 1 1
github.com/sentra-iam/sentra-iam/internal/constants/identity_provider.go:42.38,44.4 1 1
github.com/sentra-iam/sentra-iam/internal/constants/identity_provider.go:46.2,46.38 1 1
github.com/sentra-iam/sentra-iam/internal/constants/identity_provider.go:50.50,53.2 2 1
github.com/sentra-iam/sentra-iam/internal/cache/cache.go:31.54,32.27 1 1
github.com/sentra-iam/sentra-iam/internal/cache/cache.go:33.36,35.17 2 1
github.com/sentra-iam/sentra-iam/internal/cache/cache.go:35.17,39.4 1 1
github.com/sentra-iam/sentra-iam/internal/cache/cache.go:40.3,40.25 1 1
github.com/sentra-iam/sentra-iam/internal/cache/cache.go:41.10,45.52 1 1
github.com/sentra-iam/sentra-iam/internal/cache/redis.go:21.61,40.47 4 1
github.com/sentra-iam/sentra-iam/internal/cache/redis.go:40.47,44.3 1 1
github.com/sentra-iam/sentra-iam/internal/cache/redis.go:46.2,48.8 1 1
github.com/sentra-iam/sentra-iam/internal/cache/redis.go:52.75,54.25 2 1
github.com/sentra-iam/sentra-iam/internal/cache/redis.go:54.25,55.41 1 1
github.com/sentra-iam/sentra-iam/internal/cache/redis.go:55.41,60.4 1 1
github.com/sentra-iam/sentra-iam/internal/cache/redis.go:61.3,64.27 1 1
github.com/sentra-iam/sentra-iam/internal/cache/redis.go:66.2,66.26 1 1
github.com/sentra-iam/sentra-iam/internal/cache/redis.go:70.105,72.16 2 1
github.com/sentra-iam/sentra-iam/internal/cache/redis.go:72.16,77.3 1 1
github.com/sentra-iam/sentra-iam/internal/cache/redis.go:78.2,78.12 1 1
github.com/sentra-iam/sentra-iam/internal/cache/redis.go:82.68,84.16 2 1
github.com/sentra-iam/sentra-iam/internal/cache/redis.go:84.16,89.3 1 1
github.com/sentra-iam/sentra-iam/internal/cache/redis.go:90.2,90.12 1 1
github.com/sentra-iam/sentra-iam/internal/cache/redis.go:94.76,96.25 2 1
github.com/sentra-iam/sentra-iam/internal/cache/redis.go:96.25,101.3 1 1
github.com/sentra-iam/sentra-iam/internal/cache/redis.go:102.2,102.30 1 1
github.com/sentra-iam/sentra-iam/internal/cache/redis.go:106.36,108.16 2 1
github.com/sentra-iam/sentra-iam/internal/cache/redis.go:108.16,112.3 1 0
github.com/sentra-iam/sentra-iam/internal/cache/redis.go:113.2,113.12 1 1
github.com/sentra-iam/sentra-iam/cmd/server/routes/router.go:34.14,41.48 5 1
github.com/sentra-iam/sentra-iam/cmd/server/routes/router.go:41.48,43.3 1 1
github.com/sentra-iam/sentra-iam/cmd/server/routes/router.go:45.2,55.31 8 1
github.com/sentra-iam/sentra-iam/cmd/server/routes/router.go:55.31,57.51 2 1
github.com/sentra-iam/sentra-iam/cmd/server/routes/router.go:57.51,59.4 1 0
github.com/sentra-iam/sentra-iam/cmd/server/routes/router.go:60.3,60.44 1 1
github.com/sentra-iam/sentra-iam/cmd/server/routes/router.go:63.2,63.10 1 1
github.com/sentra-iam/sentra-iam/cmd/server/routes/router.go:66.70,67.54 1 1
github.com/sentra-iam/sentra-iam/cmd/server/routes/router.go:67.54,68.37 1 1
github.com/sentra-iam/sentra-iam/cmd/server/routes/router.go:68.37,70.18 2 1
github.com/sentra-iam/sentra-iam/cmd/server/routes/router.go:70.18,72.5 1 1
github.com/sentra-iam/sentra-iam/cmd/server/routes/router.go:74.4,75.120 2 1
github.com/sentra-iam/sentra-iam/cmd/server/routes/router.go:75.120,77.5 1 1
github.com/sentra-iam/sentra-iam/cmd/server/routes/router.go:79.4,80.18 2 1
github.com/sentra-iam/sentra-iam/cmd/server/routes/router.go:80.18,82.5 1 1
github.com/sentra-iam/sentra-iam/cmd/server/routes/router.go:84.4,84.44 1 1
github.com/sentra-iam/sentra-iam/cmd/server/routes/router.go:84.44,93.56 9 1
github.com/sentra-iam/sentra-iam/cmd/server/routes/router.go:93.56,95.6 1 1
github.com/sentra-iam/sentra-iam/cmd/server/routes/router.go:96.5,96.33 1 1
github.com/sentra-iam/sentra-iam/cmd/server/routes/router.go:96.33,99.6 2 1
github.com/sentra-iam/sentra-iam/cmd/server/routes/router.go:99.11,101.6 1 1
github.com/sentra-iam/sentra-iam/cmd/server/routes/router.go:102.5,102.30 1 1
github.com/sentra-iam/sentra-iam/cmd/server/routes/router.go:104.4,104.14 1 1
github.com/sentra-iam/sentra-iam/cmd/server/routes/router.go:109.65,122.2 12 1
github.com/sentra-iam/sentra-iam/cmd/server/routes/router.go:124.74,133.2 8 1
github.com/sentra-iam/sentra-iam/cmd/server/routes/router.go:142.3,159.2 13 1
github.com/sentra-iam/sentra-iam/cmd/server/routes/router.go:167.3,180.2 12 1
github.com/sentra-iam/sentra-iam/cmd/server/routes/router.go:187.3,214.2 26 1
github.com/sentra-iam/sentra-iam/internal/domains/oidc.go:19.42,20.25 1 1
github.com/sentra-iam/sentra-iam/internal/domains/oidc.go:20.25,22.3 1 1
github.com/sentra-iam/sentra-iam/internal/domains/oidc.go:23.2,23.15 1 1
github.com/sentra-iam/sentra-iam/internal/domains/oidc.go:48.66,49.14 1 1
github.com/sentra-iam/sentra-iam/internal/domains/oidc.go:49.14,51.3 1 1
github.com/sentra-iam/sentra-iam/internal/domains/oidc.go:52.2,54.66 3 1
github.com/sentra-iam/sentra-iam/internal/domains/oidc.go:54.66,57.21 3 1
github.com/sentra-iam/sentra-iam/internal/domains/oidc.go:57.21,59.4 1 1
github.com/sentra-iam/sentra-iam/internal/domains/oidc.go:61.2,61.20 1 1
github.com/sentra-iam/sentra-iam/internal/domains/webauthn_user.go:18.44,20.16 2 1
github.com/sentra-iam/sentra-iam/internal/domains/webauthn_user.go:20.16,22.18 2 1
github.com/sentra-iam/sentra-iam/internal/domains/webauthn_user.go:22.18,24.4 1 1
github.com/sentra-iam/sentra-iam/internal/domains/webauthn_user.go:25.3,25.11 1 1
github.com/sentra-iam/sentra-iam/internal/domains/webauthn_user.go:27.2,27.14 1 1
github.com/sentra-iam/sentra-iam/internal/domains/webauthn_user.go:30.46,32.2 1 1
github.com/sentra-iam/sentra-iam/internal/domains/webauthn_user.go:34.53,36.13 2 1
github.com/sentra-iam/sentra-iam/internal/domains/webauthn_user.go:36.13,38.3 1 1
github.com/sentra-iam/sentra-iam/internal/domains/webauthn_user.go:39.2,39.10 1 1
github.com/sentra-iam/sentra-iam/internal/domains/webauthn_user.go:42.68,44.44 2 1
github.com/sentra-iam/sentra-iam/internal/domains/webauthn_user.go:44.44,46.17 2 1
github.com/sentra-iam/sentra-iam/internal/domains/webauthn_user.go:46.17,47.12 1 1
github.com/sentra-iam/sentra-iam/internal/domains/webauthn_user.go:49.3,49.24 1 1
github.com/sentra-iam/sentra-iam/internal/domains/webauthn_user.go:51.2,51.12 1 1
github.com/sentra-iam/sentra-iam/internal/auth/ephemeral_provider.go:9.79,11.2 1 1
github.com/sentra-iam/sentra-iam/internal/auth/ephemeral_redis.go:28.75,30.2 1 1
github.com/sentra-iam/sentra-iam/internal/auth/ephemeral_redis.go:32.114,34.2 1 1
github.com/sentra-iam/sentra-iam/internal/auth/ephemeral_redis.go:36.109,38.2 1 1
github.com/sentra-iam/sentra-iam/internal/auth/ephemeral_redis.go:40.107,42.2 1 1
github.com/sentra-iam/sentra-iam/internal/auth/ephemeral_redis.go:44.102,46.2 1 1
github.com/sentra-iam/sentra-iam/internal/auth/ephemeral_redis.go:56.109,60.16 4 1
github.com/sentra-iam/sentra-iam/internal/auth/ephemeral_redis.go:60.16,62.3 1 0
github.com/sentra-iam/sentra-iam/internal/auth/ephemeral_redis.go:63.2,63.84 1 1
github.com/sentra-iam/sentra-iam/internal/auth/ephemeral_redis.go:63.84,65.3 1 1
github.com/sentra-iam/sentra-iam/internal/auth/ephemeral_redis.go:66.2,66.20 1 1
github.com/sentra-iam/sentra-iam/internal/auth/ephemeral_redis.go:69.105,72.16 3 1
github.com/sentra-iam/sentra-iam/internal/auth/ephemeral_redis.go:72.16,73.98 1 1
github.com/sentra-iam/sentra-iam/internal/auth/ephemeral_redis.go:73.98,77.4 1 1
github.com/sentra-iam/sentra-iam/internal/auth/ephemeral_redis.go:78.3,78.18 1 1
github.com/sentra-iam/sentra-iam/internal/auth/ephemeral_redis.go:80.2,82.56 3 1
github.com/sentra-iam/sentra-iam/internal/auth/ephemeral_redis.go:82.56,84.3 1 1
github.com/sentra-iam/sentra-iam/internal/auth/ephemeral_redis.go:85.2,85.16 1 1
github.com/sentra-iam/sentra-iam/internal/auth/ephemeral_redis.go:88.122,92.16 4 1
github.com/sentra-iam/sentra-iam/internal/auth/ephemeral_redis.go:92.16,94.3 1 1
github.com/sentra-iam/sentra-iam/internal/auth/ephemeral_redis.go:95.2,95.62 1 1
github.com/sentra-iam/sentra-iam/internal/auth/ephemeral_redis.go:95.62,97.3 1 1
github.com/sentra-iam/sentra-iam/internal/auth/ephemeral_redis.go:98.2,98.19 1 1
github.com/sentra-iam/sentra-iam/internal/auth/ephemeral_redis.go:101.84,103.16 2 1
github.com/sentra-iam/sentra-iam/internal/auth/ephemeral_redis.go:103.16,104.98 1 1
github.com/sentra-iam/sentra-iam/internal/auth/ephemeral_redis.go:104.98,108.4 1 1
github.com/sentra-iam/sentra-iam/internal/auth/ephemeral_redis.go:109.3,109.13 1 1
github.com/sentra-iam/sentra-iam/internal/auth/ephemeral_redis.go:111.2,112.58 2 1
github.com/sentra-iam/sentra-iam/internal/auth/ephemeral_redis.go:112.58,114.3 1 1
github.com/sentra-iam/sentra-iam/internal/auth/ephemeral_redis.go:115.2,115.12 1 1
github.com/sentra-iam/sentra-iam/internal/auth/jwt.go:25.69,27.2 1 1
github.com/sentra-iam/sentra-iam/internal/auth/jwt.go:37.94,38.22 1 1
github.com/sentra-iam/sentra-iam/internal/auth/jwt.go:38.22,40.3 1 1
github.com/sentra-iam/sentra-iam/internal/auth/jwt.go:41.2,41.14 1 1
github.com/sentra-iam/sentra-iam/internal/auth/jwt.go:41.14,43.3 1 1
github.com/sentra-iam/sentra-iam/internal/auth/jwt.go:44.2,44.77 1 1
github.com/sentra-iam/sentra-iam/internal/auth/jwt.go:48.112,62.16 6 1
github.com/sentra-iam/sentra-iam/internal/auth/jwt.go:62.16,64.3 1 0
github.com/sentra-iam/sentra-iam/internal/auth/jwt.go:65.2,65.31 1 1
github.com/sentra-iam/sentra-iam/internal/auth/jwt.go:69.101,82.16 6 1
github.com/sentra-iam/sentra-iam/internal/auth/jwt.go:82.16,84.3 1 0
github.com/sentra-iam/sentra-iam/internal/auth/jwt.go:85.2,85.66 1 1
github.com/sentra-iam/sentra-iam/internal/auth/jwt.go:89.98,90.96 1 1
github.com/sentra-iam/sentra-iam/internal/auth/jwt.go:90.96,91.41 1 1
github.com/sentra-iam/sentra-iam/internal/auth/jwt.go:91.41,93.4 1 1
github.com/sentra-iam/sentra-iam/internal/auth/jwt.go:94.3,94.23 1 1
github.com/sentra-iam/sentra-iam/internal/auth/jwt.go:96.2,96.16 1 1
github.com/sentra-iam/sentra-iam/internal/auth/jwt.go:96.16,98.3 1 1
github.com/sentra-iam/sentra-iam/internal/auth/jwt.go:99.2,100.21 2 1
github.com/sentra-iam/sentra-iam/internal/auth/jwt.go:100.21,102.3 1 0
github.com/sentra-iam/sentra-iam/internal/auth/jwt.go:103.2,103.26 1 1
github.com/sentra-iam/sentra-iam/internal/auth/jwt.go:103.26,105.3 1 1
github.com/sentra-iam/sentra-iam/internal/auth/jwt.go:106.2,106.45 1 1
github.com/sentra-iam/sentra-iam/internal/auth/jwt.go:110.91,111.105 1 1
github.com/sentra-iam/sentra-iam/internal/auth/jwt.go:111.105,112.41 1 1
github.com/sentra-iam/sentra-iam/internal/auth/jwt.go:112.41,114.4 1 0
github.com/sentra-iam/sentra-iam/internal/auth/jwt.go:115.3,115.23 1 1
github.com/sentra-iam/sentra-iam/internal/auth/jwt.go:117.2,117.16 1 1
github.com/sentra-iam/sentra-iam/internal/auth/jwt.go:117.16,119.3 1 1
github.com/sentra-iam/sentra-iam/internal/auth/jwt.go:120.2,121.21 2 1
github.com/sentra-iam/sentra-iam/internal/auth/jwt.go:121.21,123.3 1 0
github.com/sentra-iam/sentra-iam/internal/auth/jwt.go:124.2,124.26 1 1
github.com/sentra-iam/sentra-iam/internal/auth/jwt.go:124.26,126.3 1 1
github.com/sentra-iam/sentra-iam/internal/auth/jwt.go:127.2,127.28 1 1
github.com/sentra-iam/sentra-iam/internal/auth/oidc_signer.go:31.65,33.18 2 1
github.com/sentra-iam/sentra-iam/internal/auth/oidc_signer.go:33.18,35.3 1 0
github.com/sentra-iam/sentra-iam/internal/auth/oidc_signer.go:37.2,38.16 2 1
github.com/sentra-iam/sentra-iam/internal/auth/oidc_signer.go:38.16,40.3 1 1
github.com/sentra-iam/sentra-iam/internal/auth/oidc_signer.go:42.2,43.20 2 1
github.com/sentra-iam/sentra-iam/internal/auth/oidc_signer.go:43.20,45.3 1 1
github.com/sentra-iam/sentra-iam/internal/auth/oidc_signer.go:46.2,47.16 2 1
github.com/sentra-iam/sentra-iam/internal/auth/oidc_signer.go:47.16,49.3 1 1
github.com/sentra-iam/sentra-iam/internal/auth/oidc_signer.go:51.2,57.8 1 1
github.com/sentra-iam/sentra-iam/internal/auth/oidc_signer.go:60.72,61.37 1 1
github.com/sentra-iam/sentra-iam/internal/auth/oidc_signer.go:61.37,63.17 2 1
github.com/sentra-iam/sentra-iam/internal/auth/oidc_signer.go:63.17,65.4 1 0
github.com/sentra-iam/sentra-iam/internal/auth/oidc_signer.go:66.3,66.38 1 1
github.com/sentra-iam/sentra-iam/internal/auth/oidc_signer.go:68.2,68.36 1 1
github.com/sentra-iam/sentra-iam/internal/auth/oidc_signer.go:68.36,70.3 1 1
github.com/sentra-iam/sentra-iam/internal/auth/oidc_signer.go:71.2,71.48 1 1
github.com/sentra-iam/sentra-iam/internal/auth/oidc_signer.go:71.48,73.3 1 1
github.com/sentra-iam/sentra-iam/internal/auth/oidc_signer.go:74.2,75.16 2 1
github.com/sentra-iam/sentra-iam/internal/auth/oidc_signer.go:75.16,77.3 1 0
github.com/sentra-iam/sentra-iam/internal/auth/oidc_signer.go:78.2,78.15 1 1
github.com/sentra-iam/sentra-iam/internal/auth/oidc_signer.go:81.67,83.18 2 1
github.com/sentra-iam/sentra-iam/internal/auth/oidc_signer.go:83.18,85.3 1 1
github.com/sentra-iam/sentra-iam/internal/auth/oidc_signer.go:86.2,86.20 1 1
github.com/sentra-iam/sentra-iam/internal/auth/oidc_signer.go:87.25,89.17 2 1
github.com/sentra-iam/sentra-iam/internal/auth/oidc_signer.go:89.17,91.4 1 0
github.com/sentra-iam/sentra-iam/internal/auth/oidc_signer.go:92.3,92.16 1 1
github.com/sentra-iam/sentra-iam/internal/auth/oidc_signer.go:93.21,95.17 2 1
github.com/sentra-iam/sentra-iam/internal/auth/oidc_signer.go:95.17,97.4 1 0
github.com/sentra-iam/sentra-iam/internal/auth/oidc_signer.go:98.3,99.10 2 1
github.com/sentra-iam/sentra-iam/internal/auth/oidc_signer.go:99.10,101.4 1 0
github.com/sentra-iam/sentra-iam/internal/auth/oidc_signer.go:102.3,102.17 1 1
github.com/sentra-iam/sentra-iam/internal/auth/oidc_signer.go:103.10,104.106 1 1
github.com/sentra-iam/sentra-iam/internal/auth/oidc_signer.go:128.111,145.16 7 1
github.com/sentra-iam/sentra-iam/internal/auth/oidc_signer.go:145.16,147.3 1 0
github.com/sentra-iam/sentra-iam/internal/auth/oidc_signer.go:148.2,148.25 1 1
github.com/sentra-iam/sentra-iam/internal/auth/oidc_signer.go:152.114,165.23 4 1
github.com/sentra-iam/sentra-iam/internal/auth/oidc_signer.go:165.23,167.3 1 1
github.com/sentra-iam/sentra-iam/internal/auth/oidc_signer.go:168.2,168.14 1 1
github.com/sentra-iam/sentra-iam/internal/auth/oidc_signer.go:168.14,174.3 5 1
github.com/sentra-iam/sentra-iam/internal/auth/oidc_signer.go:175.2,177.37 3 1
github.com/sentra-iam/sentra-iam/internal/auth/oidc_signer.go:190.90,195.109 2 1
github.com/sentra-iam/sentra-iam/internal/auth/oidc_signer.go:195.109,196.41 1 1
github.com/sentra-iam/sentra-iam/internal/auth/oidc_signer.go:196.41,198.4 1 0
github.com/sentra-iam/sentra-iam/internal/auth/oidc_signer.go:199.3,199.38 1 1
github.com/sentra-iam/sentra-iam/internal/auth/oidc_signer.go:201.2,201.16 1 1
github.com/sentra-iam/sentra-iam/internal/auth/oidc_signer.go:201.16,203.3 1 1
github.com/sentra-iam/sentra-iam/internal/auth/oidc_signer.go:204.2,205.21 2 1
github.com/sentra-iam/sentra-iam/internal/auth/oidc_signer.go:205.21,207.3 1 0
github.com/sentra-iam/sentra-iam/internal/auth/oidc_signer.go:208.2,208.26 1 1
github.com/sentra-iam/sentra-iam/internal/auth/oidc_signer.go:208.26,210.3 1 0
github.com/sentra-iam/sentra-iam/internal/auth/oidc_signer.go:211.2,211.20 1 1
github.com/sentra-iam/sentra-iam/internal/auth/oidc_signer.go:230.52,246.2 6 1
github.com/sentra-iam/sentra-iam/internal/auth/oidc_signer.go:249.49,253.2 3 1
github.com/sentra-iam/sentra-iam/internal/auth/opaque_token.go:12.70,14.40 2 1
github.com/sentra-iam/sentra-iam/internal/auth/opaque_token.go:14.40,16.3 1 0
github.com/sentra-iam/sentra-iam/internal/auth/opaque_token.go:17.2,20.26 4 1
github.com/sentra-iam/sentra-iam/internal/auth/opaque_token.go:24.41,27.2 2 1
github.com/sentra-iam/sentra-iam/internal/auth/webauthn_provider.go:13.70,14.37 1 1
github.com/sentra-iam/sentra-iam/internal/auth/webauthn_provider.go:14.37,16.3 1 1
github.com/sentra-iam/sentra-iam/internal/auth/webauthn_provider.go:17.2,25.4 1 1
github.com/sentra-iam/sentra-iam/cmd/server/main.go:44.16,54.44 3 1
github.com/sentra-iam/sentra-iam/cmd/server/main.go:54.44,56.18 2 1
github.com/sentra-iam/sentra-iam/cmd/server/main.go:56.18,58.5 1 1
github.com/sentra-iam/sentra-iam/cmd/server/main.go:59.4,60.14 2 1
github.com/sentra-iam/sentra-iam/cmd/server/main.go:60.14,62.19 2 1
github.com/sentra-iam/sentra-iam/cmd/server/main.go:62.19,64.6 1 0
github.com/sentra-iam/sentra-iam/cmd/server/main.go:67.4,67.14 1 1
github.com/sentra-iam/sentra-iam/cmd/server/main.go:69.43,77.52 4 1
github.com/sentra-iam/sentra-iam/cmd/server/main.go:77.52,80.5 2 0
github.com/sentra-iam/sentra-iam/cmd/server/main.go:83.4,83.37 1 1
github.com/sentra-iam/sentra-iam/cmd/server/main.go:83.37,86.5 2 0
github.com/sentra-iam/sentra-iam/cmd/server/main.go:88.4,89.14 2 1
github.com/sentra-iam/sentra-iam/cmd/server/main.go:93.2,93.12 1 1
github.com/sentra-iam/sentra-iam/cmd/server/main.go:106.13,110.16 3 0
github.com/sentra-iam/sentra-iam/cmd/server/main.go:110.16,114.3 2 0
github.com/sentra-iam/sentra-iam/cmd/server/main.go:116.2,125.20 6 0
github.com/sentra-iam/sentra-iam/cmd/server/main.go:125.20,127.3 1 0
github.com/sentra-iam/sentra-iam/cmd/server/main.go:128.2,129.16 2 0
github.com/sentra-iam/sentra-iam/cmd/server/main.go:129.16,132.3 2 0
github.com/sentra-iam/sentra-iam/cmd/server/main.go:133.2,181.32 2 0
github.com/sentra-iam/sentra-iam/cmd/server/main.go:181.33,181.34 0 0
github.com/sentra-iam/sentra-iam/cmd/server/main.go:182.20,182.35 1 0
github.com/sentra-iam/sentra-iam/cmd/server/main.go:186.81,188.2 1 1
github.com/sentra-iam/sentra-iam/cmd/server/main.go:190.45,192.2 1 1
github.com/sentra-iam/sentra-iam/cmd/server/main.go:194.61,197.16 3 1
github.com/sentra-iam/sentra-iam/cmd/server/main.go:197.16,199.3 1 1
github.com/sentra-iam/sentra-iam/cmd/server/main.go:200.2,200.14 1 0
github.com/sentra-iam/sentra-iam/internal/config/config.go:24.38,26.2 1 1
github.com/sentra-iam/sentra-iam/internal/config/config.go:28.43,30.2 1 1
github.com/sentra-iam/sentra-iam/internal/config/config.go:32.42,34.2 1 1
github.com/sentra-iam/sentra-iam/internal/config/config.go:177.30,185.2 5 1
github.com/sentra-iam/sentra-iam/internal/config/config.go:187.52,269.2 1 1
github.com/sentra-iam/sentra-iam/internal/config/config.go:271.42,288.2 16 1
github.com/sentra-iam/sentra-iam/internal/config/config.go:290.40,291.13 1 1
github.com/sentra-iam/sentra-iam/internal/config/config.go:291.13,293.3 1 1
github.com/sentra-iam/sentra-iam/internal/config/config.go:294.2,296.26 3 1
github.com/sentra-iam/sentra-iam/internal/config/config.go:296.26,298.14 2 1
github.com/sentra-iam/sentra-iam/internal/config/config.go:298.14,300.4 1 1
github.com/sentra-iam/sentra-iam/internal/config/config.go:302.2,302.12 1 1
github.com/sentra-iam/sentra-iam/internal/config/config.go:306.42,307.42 1 1
github.com/sentra-iam/sentra-iam/internal/config/config.go:307.42,309.3 1 1
github.com/sentra-iam/sentra-iam/internal/config/config.go:310.2,310.17 1 1
github.com/sentra-iam/sentra-iam/internal/config/config.go:314.48,315.42 1 1
github.com/sentra-iam/sentra-iam/internal/config/config.go:315.42,316.55 1 1
github.com/sentra-iam/sentra-iam/internal/config/config.go:316.55,318.4 1 1
github.com/sentra-iam/sentra-iam/internal/config/config.go:320.2,320.17 1 1
github.com/sentra-iam/sentra-iam/internal/config/config.go:324.51,325.42 1 1
github.com/sentra-iam/sentra-iam/internal/config/config.go:325.42,326.61 1 1
github.com/sentra-iam/sentra-iam/internal/config/config.go:326.61,328.4 1 1
github.com/sentra-iam/sentra-iam/internal/config/config.go:330.2,330.17 1 1
github.com/sentra-iam/sentra-iam/internal/config/config.go:334.73,335.42 1 1
github.com/sentra-iam/sentra-iam/internal/config/config.go:335.42,336.61 1 1
github.com/sentra-iam/sentra-iam/internal/config/config.go:336.61,338.4 1 1
github.com/sentra-iam/sentra-iam/internal/config/config.go:340.2,340.17 1 1
github.com/sentra-iam/sentra-iam/internal/config/config.go:343.44,355.2 1 1
github.com/sentra-iam/sentra-iam/internal/config/config.go:357.37,359.2 1 1
github.com/sentra-iam/sentra-iam/internal/config/config.go:362.54,364.16 2 1
github.com/sentra-iam/sentra-iam/internal/config/config.go:364.16,366.3 1 1
github.com/sentra-iam/sentra-iam/internal/config/config.go:367.2,367.38 1 1
github.com/sentra-iam/sentra-iam/internal/config/config.go:371.59,377.55 2 1
github.com/sentra-iam/sentra-iam/internal/config/config.go:377.55,379.3 1 1
github.com/sentra-iam/sentra-iam/internal/config/config.go:381.2,381.12 1 1
github.com/sentra-iam/sentra-iam/internal/db/manager.go:51.71,61.51 2 1
github.com/sentra-iam/sentra-iam/internal/db/manager.go:61.51,65.3 1 1
github.com/sentra-iam/sentra-iam/internal/db/manager.go:68.2,73.21 3 0
github.com/sentra-iam/sentra-iam/internal/db/manager.go:77.53,80.74 2 1
github.com/sentra-iam/sentra-iam/internal/db/manager.go:80.74,86.38 2 1
github.com/sentra-iam/sentra-iam/internal/db/manager.go:86.38,90.73 3 1
github.com/sentra-iam/sentra-iam/internal/db/manager.go:90.73,91.45 1 0
github.com/sentra-iam/sentra-iam/internal/db/manager.go:91.45,96.6 4 0
github.com/sentra-iam/sentra-iam/internal/db/manager.go:99.4,104.49 2 1
github.com/sentra-iam/sentra-iam/internal/db/manager.go:104.49,106.5 1 1
github.com/sentra-iam/sentra-iam/internal/db/manager.go:107.9,112.4 4 0
github.com/sentra-iam/sentra-iam/internal/db/manager.go:115.2,118.65 1 1
github.com/sentra-iam/sentra-iam/internal/db/manager.go:122.44,124.29 2 1
github.com/sentra-iam/sentra-iam/internal/db/manager.go:124.29,126.3 1 0
github.com/sentra-iam/sentra-iam/internal/db/manager.go:128.2,130.29 1 1
github.com/sentra-iam/sentra-iam/internal/db/manager.go:130.29,132.4 1 0
github.com/sentra-iam/sentra-iam/internal/db/manager.go:135.2,135.16 1 1
github.com/sentra-iam/sentra-iam/internal/db/manager.go:135.16,137.3 1 1
github.com/sentra-iam/sentra-iam/internal/db/manager.go:140.2,141.16 2 0
github.com/sentra-iam/sentra-iam/internal/db/manager.go:141.16,143.3 1 0
github.com/sentra-iam/sentra-iam/internal/db/manager.go:146.2,155.47 7 0
github.com/sentra-iam/sentra-iam/internal/db/manager.go:155.47,157.3 1 0
github.com/sentra-iam/sentra-iam/internal/db/manager.go:159.2,162.12 3 0
github.com/sentra-iam/sentra-iam/internal/db/manager.go:166.45,168.2 1 1
github.com/sentra-iam/sentra-iam/internal/db/manager.go:171.59,176.60 3 1
github.com/sentra-iam/sentra-iam/internal/db/manager.go:176.60,178.3 1 1
github.com/sentra-iam/sentra-iam/internal/db/manager.go:181.2,182.24 2 1
github.com/sentra-iam/sentra-iam/internal/db/manager.go:186.55,195.16 5 1
github.com/sentra-iam/sentra-iam/internal/db/manager.go:195.16,198.3 2 0
github.com/sentra-iam/sentra-iam/internal/db/manager.go:201.2,201.47 1 1
github.com/sentra-iam/sentra-iam/internal/db/manager.go:201.47,204.3 2 1
github.com/sentra-iam/sentra-iam/internal/db/manager.go:206.2,207.29 2 1
github.com/sentra-iam/sentra-iam/internal/db/manager.go:211.59,215.2 3 1
github.com/sentra-iam/sentra-iam/internal/db/manager.go:218.109,226.2 6 1
github.com/sentra-iam/sentra-iam/internal/db/manager.go:229.47,233.21 3 1
github.com/sentra-iam/sentra-iam/internal/db/manager.go:233.21,235.3 1 0
github.com/sentra-iam/sentra-iam/internal/db/manager.go:239.53,243.21 3 1
github.com/sentra-iam/sentra-iam/internal/db/manager.go:243.21,245.3 1 0
github.com/sentra-iam/sentra-iam/internal/db/manager.go:249.44,254.16 4 1
github.com/sentra-iam/sentra-iam/internal/db/manager.go:254.16,257.3 2 0
github.com/sentra-iam/sentra-iam/internal/db/manager.go:259.2,267.64 9 1
github.com/sentra-iam/sentra-iam/internal/db/manager.go:271.59,275.2 3 1
github.com/sentra-iam/sentra-iam/internal/db/manager.go:278.42,282.18 3 1
github.com/sentra-iam/sentra-iam/internal/db/manager.go:282.18,284.17 2 1
github.com/sentra-iam/sentra-iam/internal/db/manager.go:284.17,288.4 1 0
github.com/sentra-iam/sentra-iam/internal/db/manager.go:290.3,290.39 1 1
github.com/sentra-iam/sentra-iam/internal/db/manager.go:290.39,295.4 2 0
github.com/sentra-iam/sentra-iam/internal/db/manager.go:297.3,297.59 1 1
github.com/sentra-iam/sentra-iam/internal/db/manager.go:300.2,300.12 1 1
github.com/sentra-iam/sentra-iam/internal/db/manager.go:304.45,306.2 1 1
github.com/sentra-iam/sentra-iam/internal/db/manager.go:309.59,311.2 1 1
github.com/sentra-iam/sentra-iam/internal/db/postgres.go:17.60,20.16 2 1
github.com/sentra-iam/sentra-iam/internal/db/postgres.go:20.16,22.3 1 1
github.com/sentra-iam/sentra-iam/internal/db/postgres.go:25.2,28.12 3 0
github.com/sentra-iam/sentra-iam/internal/db/postgres.go:32.52,34.2 1 1
github.com/sentra-iam/sentra-iam/internal/db/postgres.go:37.49,38.22 1 1
github.com/sentra-iam/sentra-iam/internal/db/postgres.go:38.22,40.3 1 0
github.com/sentra-iam/sentra-iam/internal/db/postgres.go:41.2,41.39 1 1
github.com/sentra-iam/sentra-iam/internal/db/postgres.go:45.53,46.22 1 1
github.com/sentra-iam/sentra-iam/internal/db/postgres.go:46.22,48.3 1 1
github.com/sentra-iam/sentra-iam/internal/db/postgres.go:49.2,49.39 1 1
github.com/sentra-iam/sentra-iam/internal/db/postgres.go:53.53,54.22 1 1
github.com/sentra-iam/sentra-iam/internal/db/postgres.go:54.22,56.3 1 1
github.com/sentra-iam/sentra-iam/internal/db/postgres.go:57.2,57.28 1 1
github.com/sentra-iam/sentra-iam/internal/db/postgres.go:61.36,62.22 1 1
github.com/sentra-iam/sentra-iam/internal/db/postgres.go:62.22,64.3 1 1
github.com/sentra-iam/sentra-iam/internal/db/postgres.go:65.2,65.12 1 1
github.com/sentra-iam/sentra-iam/internal/db/stub_health.go:7.45,17.2 1 1
github.com/sentra-iam/sentra-iam/internal/errors/app_error.go:67.35,68.20 1 1
github.com/sentra-iam/sentra-iam/internal/errors/app_error.go:68.20,70.3 1 1
github.com/sentra-iam/sentra-iam/internal/errors/app_error.go:71.2,71.49 1 1
github.com/sentra-iam/sentra-iam/internal/errors/app_error.go:75.35,77.2 1 1
github.com/sentra-iam/sentra-iam/internal/errors/app_error.go:80.73,81.22 1 1
github.com/sentra-iam/sentra-iam/internal/errors/app_error.go:81.22,83.3 1 1
github.com/sentra-iam/sentra-iam/internal/errors/app_error.go:84.2,85.10 2 1
github.com/sentra-iam/sentra-iam/internal/errors/app_error.go:89.62,92.2 2 1
github.com/sentra-iam/sentra-iam/internal/errors/app_error.go:95.60,98.2 2 1
github.com/sentra-iam/sentra-iam/internal/errors/app_error.go:101.85,110.2 1 1
github.com/sentra-iam/sentra-iam/internal/errors/app_error.go:113.94,123.2 1 1
github.com/sentra-iam/sentra-iam/internal/errors/app_error.go:126.61,128.2 1 1
github.com/sentra-iam/sentra-iam/internal/errors/app_error.go:131.103,135.41 2 1
github.com/sentra-iam/sentra-iam/internal/errors/app_error.go:135.41,137.3 1 1
github.com/sentra-iam/sentra-iam/internal/errors/app_error.go:139.2,139.15 1 1
github.com/sentra-iam/sentra-iam/internal/errors/app_error.go:143.57,147.39 3 1
github.com/sentra-iam/sentra-iam/internal/errors/app_error.go:147.39,148.50 1 1
github.com/sentra-iam/sentra-iam/internal/errors/app_error.go:148.50,155.20 5 1
github.com/sentra-iam/sentra-iam/internal/errors/app_error.go:156.20,157.60 1 1
github.com/sentra-iam/sentra-iam/internal/errors/app_error.go:158.17,159.78 1 1
github.com/sentra-iam/sentra-iam/internal/errors/app_error.go:160.15,161.107 1 1
github.com/sentra-iam/sentra-iam/internal/errors/app_error.go:162.15,163.106 1 1
github.com/sentra-iam/sentra-iam/internal/errors/app_error.go:164.15,165.106 1 1
github.com/sentra-iam/sentra-iam/internal/errors/app_error.go:166.19,167.71 1 1
github.com/sentra-iam/sentra-iam/internal/errors/app_error.go:168.17,169.74 1 1
github.com/sentra-iam/sentra-iam/internal/errors/app_error.go:170.20,171.86 1 1
github.com/sentra-iam/sentra-iam/internal/errors/app_error.go:172.15,173.68 1 1
github.com/sentra-iam/sentra-iam/internal/errors/app_error.go:174.16,175.69 1 1
github.com/sentra-iam/sentra-iam/internal/errors/app_error.go:176.17,177.90 1 1
github.com/sentra-iam/sentra-iam/internal/errors/app_error.go:178.15,179.107 1 1
github.com/sentra-iam/sentra-iam/internal/errors/app_error.go:180.15,181.104 1 1
github.com/sentra-iam/sentra-iam/internal/errors/app_error.go:182.14,183.95 1 1
github.com/sentra-iam/sentra-iam/internal/errors/app_error.go:184.14,185.92 1 1
github.com/sentra-iam/sentra-iam/internal/errors/app_error.go:186.14,187.91 1 1
github.com/sentra-iam/sentra-iam/internal/errors/app_error.go:188.14,189.95 1 1
github.com/sentra-iam/sentra-iam/internal/errors/app_error.go:190.18,191.63 1 1
github.com/sentra-iam/sentra-iam/internal/errors/app_error.go:192.21,194.13 1 1
github.com/sentra-iam/sentra-iam/internal/errors/app_error.go:195.12,196.83 1 1
github.com/sentra-iam/sentra-iam/internal/errors/app_error.go:199.4,199.41 1 1
github.com/sentra-iam/sentra-iam/internal/errors/app_error.go:203.2,203.20 1 1
github.com/sentra-iam/sentra-iam/internal/errors/app_error.go:207.60,210.2 2 1
github.com/sentra-iam/sentra-iam/internal/errors/app_error.go:213.63,215.2 1 1
github.com/sentra-iam/sentra-iam/internal/errors/app_error.go:218.60,220.2 1 1
github.com/sentra-iam/sentra-iam/internal/errors/app_error.go:223.58,225.2 1 1
github.com/sentra-iam/sentra-iam/internal/errors/app_error.go:228.56,230.2 1 1
github.com/sentra-iam/sentra-iam/internal/errors/app_error.go:233.60,235.2 1 1
github.com/sentra-iam/sentra-iam/internal/errors/app_error.go:238.59,240.2 1 1
github.com/sentra-iam/sentra-iam/internal/errors/app_error.go:243.59,245.2 1 1
github.com/sentra-iam/sentra-iam/internal/errors/app_error.go:248.59,250.2 1 1
github.com/sentra-iam/sentra-iam/internal/errors/app_error.go:253.66,255.2 1 1
github.com/sentra-iam/sentra-iam/internal/errors/app_error.go:258.56,260.2 1 1
github.com/sentra-iam/sentra-iam/internal/errors/app_error.go:263.58,265.2 1 1
github.com/sentra-iam/sentra-iam/internal/errors/app_error.go:268.29,277.29 6 1
github.com/sentra-iam/sentra-iam/internal/errors/app_error.go:277.29,279.90 1 1
github.com/sentra-iam/sentra-iam/internal/errors/app_error.go:279.90,281.4 1 1
github.com/sentra-iam/sentra-iam/internal/errors/app_error.go:284.2,284.42 1 1
github.com/sentra-iam/sentra-iam/internal/errors/app_error.go:288.33,291.2 2 1
github.com/sentra-iam/sentra-iam/internal/errors/app_error.go:294.39,297.2 2 1
github.com/sentra-iam/sentra-iam/internal/errors/app_error.go:300.37,301.47 1 1
github.com/sentra-iam/sentra-iam/internal/errors/app_error.go:301.47,303.3 1 1
github.com/sentra-iam/sentra-iam/internal/errors/app_error.go:304.2,304.32 1 1
github.com/sentra-iam/sentra-iam/internal/errors/app_error.go:308.35,309.47 1 1
github.com/sentra-iam/sentra-iam/internal/errors/app_error.go:309.47,311.3 1 1
github.com/sentra-iam/sentra-iam/internal/errors/app_error.go:312.2,312.39 1 1
github.com/sentra-iam/sentra-iam/internal/errors/app_error.go:316.40,317.47 1 1
github.com/sentra-iam/sentra-iam/internal/errors/app_error.go:317.47,319.3 1 1
github.com/sentra-iam/sentra-iam/internal/errors/app_error.go:320.2,320.20 1 1
github.com/sentra-iam/sentra-iam/internal/errors/handler.go:24.38,26.2 1 1
github.com/sentra-iam/sentra-iam/internal/errors/handler.go:29.69,40.2 4 1
github.com/sentra-iam/sentra-iam/internal/errors/handler.go:43.58,44.16 1 1
github.com/sentra-iam/sentra-iam/internal/errors/handler.go:44.16,46.3 1 1
github.com/sentra-iam/sentra-iam/internal/errors/handler.go:49.2,49.47 1 1
github.com/sentra-iam/sentra-iam/internal/errors/handler.go:49.47,51.3 1 1
github.com/sentra-iam/sentra-iam/internal/errors/handler.go:54.2,55.30 2 1
github.com/sentra-iam/sentra-iam/internal/errors/handler.go:55.30,58.17 3 1
github.com/sentra-iam/sentra-iam/internal/errors/handler.go:59.30,60.36 1 1
github.com/sentra-iam/sentra-iam/internal/errors/handler.go:61.32,62.38 1 1
github.com/sentra-iam/sentra-iam/internal/errors/handler.go:63.29,64.35 1 1
github.com/sentra-iam/sentra-iam/internal/errors/handler.go:65.28,66.41 1 1
github.com/sentra-iam/sentra-iam/internal/errors/handler.go:67.11,70.14 3 1
github.com/sentra-iam/sentra-iam/internal/errors/handler.go:75.2,75.55 1 1
github.com/sentra-iam/sentra-iam/internal/errors/handler.go:75.55,77.3 1 1
github.com/sentra-iam/sentra-iam/internal/errors/handler.go:80.2,80.56 1 1
github.com/sentra-iam/sentra-iam/internal/errors/handler.go:80.56,82.3 1 1
github.com/sentra-iam/sentra-iam/internal/errors/handler.go:85.2,85.59 1 1
github.com/sentra-iam/sentra-iam/internal/errors/handler.go:89.61,90.44 1 1
github.com/sentra-iam/sentra-iam/internal/errors/handler.go:90.44,92.3 1 1
github.com/sentra-iam/sentra-iam/internal/errors/handler.go:93.2,93.48 1 1
github.com/sentra-iam/sentra-iam/internal/errors/handler.go:93.48,95.3 1 1
github.com/sentra-iam/sentra-iam/internal/errors/handler.go:96.2,96.44 1 1
github.com/sentra-iam/sentra-iam/internal/errors/handler.go:96.44,98.3 1 1
github.com/sentra-iam/sentra-iam/internal/errors/handler.go:99.2,99.48 1 1
github.com/sentra-iam/sentra-iam/internal/errors/handler.go:99.48,101.3 1 1
github.com/sentra-iam/sentra-iam/internal/errors/handler.go:102.2,102.47 1 1
github.com/sentra-iam/sentra-iam/internal/errors/handler.go:102.47,104.3 1 1
github.com/sentra-iam/sentra-iam/internal/errors/handler.go:105.2,105.40 1 1
github.com/sentra-iam/sentra-iam/internal/errors/handler.go:105.40,107.3 1 1
github.com/sentra-iam/sentra-iam/internal/errors/handler.go:108.2,108.42 1 1
github.com/sentra-iam/sentra-iam/internal/errors/handler.go:108.42,110.3 1 1
github.com/sentra-iam/sentra-iam/internal/errors/handler.go:111.2,111.40 1 1
github.com/sentra-iam/sentra-iam/internal/errors/handler.go:111.40,113.3 1 1
github.com/sentra-iam/sentra-iam/internal/errors/handler.go:114.2,114.51 1 1
github.com/sentra-iam/sentra-iam/internal/errors/handler.go:114.51,116.3 1 1
github.com/sentra-iam/sentra-iam/internal/errors/handler.go:117.2,117.39 1 1
github.com/sentra-iam/sentra-iam/internal/errors/handler.go:117.39,119.3 1 1
github.com/sentra-iam/sentra-iam/internal/errors/handler.go:120.2,120.42 1 1
github.com/sentra-iam/sentra-iam/internal/errors/handler.go:120.42,122.3 1 1
github.com/sentra-iam/sentra-iam/internal/errors/handler.go:123.2,123.50 1 1
github.com/sentra-iam/sentra-iam/internal/errors/handler.go:123.50,125.3 1 1
github.com/sentra-iam/sentra-iam/internal/errors/handler.go:126.2,126.47 1 1
github.com/sentra-iam/sentra-iam/internal/errors/handler.go:126.47,128.3 1 1
github.com/sentra-iam/sentra-iam/internal/errors/handler.go:129.2,129.22 1 1
github.com/sentra-iam/sentra-iam/internal/errors/handler.go:129.22,131.3 1 1
github.com/sentra-iam/sentra-iam/internal/errors/handler.go:132.2,132.12 1 1
github.com/sentra-iam/sentra-iam/internal/errors/handler.go:136.64,137.38 1 1
github.com/sentra-iam/sentra-iam/internal/errors/handler.go:137.38,139.3 1 1
github.com/sentra-iam/sentra-iam/internal/errors/handler.go:140.2,140.46 1 1
github.com/sentra-iam/sentra-iam/internal/errors/handler.go:140.46,142.3 1 1
github.com/sentra-iam/sentra-iam/internal/errors/handler.go:143.2,143.12 1 1
github.com/sentra-iam/sentra-iam/internal/errors/handler.go:147.34,160.44 3 1
github.com/sentra-iam/sentra-iam/internal/errors/handler.go:160.44,161.42 1 1
github.com/sentra-iam/sentra-iam/internal/errors/handler.go:161.42,163.4 1 1
github.com/sentra-iam/sentra-iam/internal/errors/handler.go:165.2,165.14 1 1
github.com/sentra-iam/sentra-iam/internal/errors/handler.go:169.48,176.2 1 1
github.com/sentra-iam/sentra-iam/internal/errors/handler.go:179.47,180.22 1 1
github.com/sentra-iam/sentra-iam/internal/errors/handler.go:180.22,182.3 1 1
github.com/sentra-iam/sentra-iam/internal/errors/handler.go:183.2,183.26 1 1
github.com/sentra-iam/sentra-iam/internal/errors/handler.go:183.26,185.3 1 1
github.com/sentra-iam/sentra-iam/internal/errors/handler.go:187.2,187.43 1 1
github.com/sentra-iam/sentra-iam/internal/errors/handler.go:187.43,188.35 1 1
github.com/sentra-iam/sentra-iam/internal/errors/handler.go:188.35,190.4 1 1
github.com/sentra-iam/sentra-iam/internal/errors/handler.go:192.2,192.14 1 1
github.com/sentra-iam/sentra-iam/internal/errors/handler.go:196.67,207.14 2 1
github.com/sentra-iam/sentra-iam/internal/errors/handler.go:207.14,215.3 1 1
github.com/sentra-iam/sentra-iam/internal/errors/handler.go:218.2,218.35 1 1
github.com/sentra-iam/sentra-iam/internal/errors/handler.go:218.35,220.3 1 1
github.com/sentra-iam/sentra-iam/internal/errors/handler.go:223.2,223.74 1 1
github.com/sentra-iam/sentra-iam/internal/errors/handler.go:223.74,225.3 1 1
github.com/sentra-iam/sentra-iam/internal/errors/handler.go:228.2,228.21 1 1
github.com/sentra-iam/sentra-iam/internal/errors/handler.go:229.89,230.45 1 1
github.com/sentra-iam/sentra-iam/internal/errors/handler.go:231.79,232.46 1 1
github.com/sentra-iam/sentra-iam/internal/errors/handler.go:233.10,234.46 1 1
github.com/sentra-iam/sentra-iam/internal/errors/handler.go:239.73,240.72 1 1
github.com/sentra-iam/sentra-iam/internal/errors/handler.go:240.72,241.43 1 1
github.com/sentra-iam/sentra-iam/internal/errors/handler.go:241.43,250.16 6 1
github.com/sentra-iam/sentra-iam/internal/errors/handler.go:250.16,257.5 6 1
github.com/sentra-iam/sentra-iam/internal/errors/handler.go:260.4,260.37 1 1
github.com/sentra-iam/sentra-iam/internal/errors/handler.go:260.37,262.5 1 1
github.com/sentra-iam/sentra-iam/internal/errors/handler.go:265.4,265.31 1 1
github.com/sentra-iam/sentra-iam/internal/errors/handler.go:265.31,267.5 1 1
github.com/sentra-iam/sentra-iam/internal/errors/handler.go:270.4,270.32 1 1
github.com/sentra-iam/sentra-iam/internal/errors/handler.go:276.78,282.61 3 1
github.com/sentra-iam/sentra-iam/internal/errors/handler.go:282.61,284.3 1 1
github.com/sentra-iam/sentra-iam/internal/errors/handler.go:287.2,287.29 1 1
github.com/sentra-iam/sentra-iam/internal/errors/handler.go:287.29,289.3 1 1
github.com/sentra-iam/sentra-iam/internal/errors/handler.go:289.8,291.3 1 1
github.com/sentra-iam/sentra-iam/internal/errors/handler.go:293.2,293.20 1 1
github.com/sentra-iam/sentra-iam/internal/errors/handler.go:297.109,301.17 4 1
github.com/sentra-iam/sentra-iam/internal/errors/handler.go:301.17,305.3 3 1
github.com/sentra-iam/sentra-iam/internal/errors/handler.go:306.2,307.20 2 1
github.com/sentra-iam/sentra-iam/internal/errors/handler.go:311.122,313.46 2 1
github.com/sentra-iam/sentra-iam/internal/errors/handler.go:313.46,315.3 1 1
github.com/sentra-iam/sentra-iam/internal/errors/handler.go:316.2,316.35 1 1
github.com/sentra-iam/sentra-iam/internal/errors/handler.go:320.85,323.2 2 1
github.com/sentra-iam/sentra-iam/internal/errors/handler.go:326.88,329.2 2 1
github.com/sentra-iam/sentra-iam/internal/errors/handler.go:332.85,335.2 2 1
github.com/sentra-iam/sentra-iam/internal/errors/handler.go:338.97,341.2 2 1
github.com/sentra-iam/sentra-iam/internal/errors/middleware.go:19.65,20.54 1 1
github.com/sentra-iam/sentra-iam/internal/errors/middleware.go:20.54,21.37 1 1
github.com/sentra-iam/sentra-iam/internal/errors/middleware.go:21.37,22.17 1 1
github.com/sentra-iam/sentra-iam/internal/errors/middleware.go:22.17,23.33 1 1
github.com/sentra-iam/sentra-iam/internal/errors/middleware.go:23.33,25.13 2 1
github.com/sentra-iam/sentra-iam/internal/errors/middleware.go:25.13,27.7 1 1
github.com/sentra-iam/sentra-iam/internal/errors/middleware.go:30.6,34.67 2 1
github.com/sentra-iam/sentra-iam/internal/errors/middleware.go:34.67,38.7 1 1
github.com/sentra-iam/sentra-iam/internal/errors/middleware.go:38.12,41.7 1 1
github.com/sentra-iam/sentra-iam/internal/errors/middleware.go:43.6,65.58 5 1
github.com/sentra-iam/sentra-iam/internal/errors/middleware.go:65.58,66.47 1 1
github.com/sentra-iam/sentra-iam/internal/errors/middleware.go:66.47,80.8 13 1
github.com/sentra-iam/sentra-iam/internal/errors/middleware.go:84.6,85.49 2 1
github.com/sentra-iam/sentra-iam/internal/errors/middleware.go:89.4,89.18 1 1
github.com/sentra-iam/sentra-iam/internal/errors/middleware.go:95.44,96.54 1 1
github.com/sentra-iam/sentra-iam/internal/errors/middleware.go:96.54,97.37 1 1
github.com/sentra-iam/sentra-iam/internal/errors/middleware.go:97.37,99.18 2 1
github.com/sentra-iam/sentra-iam/internal/errors/middleware.go:99.18,102.53 2 1
github.com/sentra-iam/sentra-iam/internal/errors/middleware.go:102.53,104.6 1 1
github.com/sentra-iam/sentra-iam/internal/errors/middleware.go:106.5,107.44 2 1
github.com/sentra-iam/sentra-iam/internal/errors/middleware.go:109.4,109.14 1 1
github.com/sentra-iam/sentra-iam/internal/errors/middleware.go:115.39,117.2 1 1
github.com/sentra-iam/sentra-iam/internal/errors/middleware.go:120.39,122.2 1 1
github.com/sentra-iam/sentra-iam/internal/integration/email/email.go:66.68,67.30 1 1
github.com/sentra-iam/sentra-iam/internal/integration/email/email.go:68.34,70.17 2 1
github.com/sentra-iam/sentra-iam/internal/integration/email/email.go:70.17,74.4 1 0
github.com/sentra-iam/sentra-iam/internal/integration/email/email.go:75.3,75.24 1 1
github.com/sentra-iam/sentra-iam/internal/integration/email/email.go:76.10,80.55 1 1
github.com/sentra-iam/sentra-iam/internal/integration/email/ses.go:26.61,33.16 2 1
github.com/sentra-iam/sentra-iam/internal/integration/email/ses.go:33.16,34.65 1 0
github.com/sentra-iam/sentra-iam/internal/integration/email/ses.go:34.65,35.44 1 0
github.com/sentra-iam/sentra-iam/internal/integration/email/ses.go:35.44,42.5 6 0
github.com/sentra-iam/sentra-iam/internal/integration/email/ses.go:45.3,54.23 2 0
github.com/sentra-iam/sentra-iam/internal/integration/email/ses.go:58.2,63.8 2 1
github.com/sentra-iam/sentra-iam/internal/integration/email/ses.go:66.98,70.9 2 1
github.com/sentra-iam/sentra-iam/internal/integration/email/ses.go:71.30,78.29 2 1
github.com/sentra-iam/sentra-iam/internal/integration/email/ses.go:78.29,83.4 1 1
github.com/sentra-iam/sentra-iam/internal/integration/email/ses.go:84.30,90.4 1 1
github.com/sentra-iam/sentra-iam/internal/integration/email/ses.go:91.10,94.23 1 1
github.com/sentra-iam/sentra-iam/internal/integration/email/ses.go:98.2,110.25 3 1
github.com/sentra-iam/sentra-iam/internal/integration/email/ses.go:110.25,112.3 1 1
github.com/sentra-iam/sentra-iam/internal/integration/email/ses.go:113.2,113.26 1 1
github.com/sentra-iam/sentra-iam/internal/integration/email/ses.go:113.26,115.3 1 1
github.com/sentra-iam/sentra-iam/internal/integration/email/ses.go:118.2,126.16 3 1
github.com/sentra-iam/sentra-iam/internal/integration/email/ses.go:126.16,127.54 1 1
github.com/sentra-iam/sentra-iam/internal/integration/email/ses.go:127.54,128.44 1 1
github.com/sentra-iam/sentra-iam/internal/integration/email/ses.go:128.44,136.5 7 1
github.com/sentra-iam/sentra-iam/internal/integration/email/ses.go:139.3,152.24 2 1
github.com/sentra-iam/sentra-iam/internal/integration/email/ses.go:155.2,159.8 1 1
github.com/sentra-iam/sentra-iam/internal/integration/email/ses.go:163.95,171.16 3 1
github.com/sentra-iam/sentra-iam/internal/integration/email/ses.go:171.16,179.3 1 1
github.com/sentra-iam/sentra-iam/internal/integration/email/ses.go:181.2,185.8 1 1
github.com/sentra-iam/sentra-iam/internal/logger/logger.go:15.45,17.15 2 1
github.com/sentra-iam/sentra-iam/internal/logger/logger.go:18.15,19.32 1 1
github.com/sentra-iam/sentra-iam/internal/logger/logger.go:20.14,21.31 1 1
github.com/sentra-iam/sentra-iam/internal/logger/logger.go:22.14,23.31 1 1
github.com/sentra-iam/sentra-iam/internal/logger/logger.go:24.15,25.32 1 1
github.com/sentra-iam/sentra-iam/internal/logger/logger.go:26.10,27.31 1 1
github.com/sentra-iam/sentra-iam/internal/logger/logger.go:31.2,36.18 4 1
github.com/sentra-iam/sentra-iam/internal/logger/logger.go:36.18,38.3 1 1
github.com/sentra-iam/sentra-iam/internal/logger/logger.go:38.8,41.3 2 1
github.com/sentra-iam/sentra-iam/internal/logger/logger.go:44.2,45.18 2 1
github.com/sentra-iam/sentra-iam/internal/logger/logger.go:45.18,47.3 1 1
github.com/sentra-iam/sentra-iam/internal/logger/logger.go:47.8,49.3 1 1
github.com/sentra-iam/sentra-iam/internal/logger/logger.go:52.2,60.21 3 1
github.com/sentra-iam/sentra-iam/internal/integration/storage/gcs.go:28.64,34.41 4 1
github.com/sentra-iam/sentra-iam/internal/integration/storage/gcs.go:34.41,36.21 2 1
github.com/sentra-iam/sentra-iam/internal/integration/storage/gcs.go:36.21,40.4 1 1
github.com/sentra-iam/sentra-iam/internal/integration/storage/gcs.go:41.3,41.60 1 1
github.com/sentra-iam/sentra-iam/internal/integration/storage/gcs.go:41.60,45.4 1 1
github.com/sentra-iam/sentra-iam/internal/integration/storage/gcs.go:46.3,47.17 2 1
github.com/sentra-iam/sentra-iam/internal/integration/storage/gcs.go:47.17,51.4 1 1
github.com/sentra-iam/sentra-iam/internal/integration/storage/gcs.go:52.8,55.17 2 0
github.com/sentra-iam/sentra-iam/internal/integration/storage/gcs.go:55.17,59.4 1 0
github.com/sentra-iam/sentra-iam/internal/integration/storage/gcs.go:60.3,61.17 2 0
github.com/sentra-iam/sentra-iam/internal/integration/storage/gcs.go:61.17,65.4 1 0
github.com/sentra-iam/sentra-iam/internal/integration/storage/gcs.go:68.2,74.8 2 0
github.com/sentra-iam/sentra-iam/internal/integration/storage/gcs.go:77.117,79.16 2 1
github.com/sentra-iam/sentra-iam/internal/integration/storage/gcs.go:79.16,84.3 2 1
github.com/sentra-iam/sentra-iam/internal/integration/storage/gcs.go:85.2,90.42 4 0
github.com/sentra-iam/sentra-iam/internal/integration/storage/gcs.go:90.42,96.3 3 0
github.com/sentra-iam/sentra-iam/internal/integration/storage/gcs.go:98.2,98.35 1 0
github.com/sentra-iam/sentra-iam/internal/integration/storage/gcs.go:98.35,103.3 2 0
github.com/sentra-iam/sentra-iam/internal/integration/storage/gcs.go:105.2,107.90 2 0
github.com/sentra-iam/sentra-iam/internal/integration/storage/gcs.go:110.54,113.2 1 1
github.com/sentra-iam/sentra-iam/internal/integration/storage/gcs.go:115.114,117.42 2 1
github.com/sentra-iam/sentra-iam/internal/integration/storage/gcs.go:117.42,119.3 1 1
github.com/sentra-iam/sentra-iam/internal/integration/storage/gcs.go:122.2,123.16 2 1
github.com/sentra-iam/sentra-iam/internal/integration/storage/gcs.go:123.16,128.3 2 1
github.com/sentra-iam/sentra-iam/internal/integration/storage/gcs.go:131.2,132.16 2 1
github.com/sentra-iam/sentra-iam/internal/integration/storage/gcs.go:132.16,137.3 2 1
github.com/sentra-iam/sentra-iam/internal/integration/storage/gcs.go:139.2,147.16 3 1
github.com/sentra-iam/sentra-iam/internal/integration/storage/gcs.go:147.16,152.3 2 0
github.com/sentra-iam/sentra-iam/internal/integration/storage/gcs.go:154.2,154.17 1 1
github.com/sentra-iam/sentra-iam/internal/integration/storage/gcs.go:157.114,166.27 4 1
github.com/sentra-iam/sentra-iam/internal/integration/storage/gcs.go:166.27,167.37 1 1
github.com/sentra-iam/sentra-iam/internal/integration/storage/gcs.go:167.37,170.4 2 1
github.com/sentra-iam/sentra-iam/internal/integration/storage/gcs.go:173.2,173.34 1 1
github.com/sentra-iam/sentra-iam/internal/integration/storage/gcs.go:173.34,175.19 2 1
github.com/sentra-iam/sentra-iam/internal/integration/storage/gcs.go:175.19,179.4 1 1
github.com/sentra-iam/sentra-iam/internal/integration/storage/gcs.go:180.3,180.49 1 0
github.com/sentra-iam/sentra-iam/internal/integration/storage/gcs.go:183.2,183.20 1 0
github.com/sentra-iam/sentra-iam/internal/integration/storage/s3.go:29.62,40.16 3 1
github.com/sentra-iam/sentra-iam/internal/integration/storage/s3.go:40.16,44.3 1 0
github.com/sentra-iam/sentra-iam/internal/integration/storage/s3.go:47.2,53.8 2 1
github.com/sentra-iam/sentra-iam/internal/integration/storage/s3.go:56.116,58.16 2 1
github.com/sentra-iam/sentra-iam/internal/integration/storage/s3.go:58.16,63.3 2 1
github.com/sentra-iam/sentra-iam/internal/integration/storage/s3.go:64.2,75.16 4 1
github.com/sentra-iam/sentra-iam/internal/integration/storage/s3.go:75.16,80.3 2 1
github.com/sentra-iam/sentra-iam/internal/integration/storage/s3.go:82.2,89.8 2 1
github.com/sentra-iam/sentra-iam/internal/integration/storage/s3.go:92.53,97.2 1 1
github.com/sentra-iam/sentra-iam/internal/integration/storage/s3.go:99.113,101.42 2 1
github.com/sentra-iam/sentra-iam/internal/integration/storage/s3.go:101.42,103.3 1 1
github.com/sentra-iam/sentra-iam/internal/integration/storage/s3.go:106.2,112.35 2 1
github.com/sentra-iam/sentra-iam/internal/integration/storage/s3.go:112.35,114.3 1 1
github.com/sentra-iam/sentra-iam/internal/integration/storage/s3.go:115.2,115.16 1 1
github.com/sentra-iam/sentra-iam/internal/integration/storage/s3.go:115.16,120.3 2 1
github.com/sentra-iam/sentra-iam/internal/integration/storage/s3.go:122.2,122.25 1 1
github.com/sentra-iam/sentra-iam/internal/integration/storage/s3.go:125.113,134.27 4 1
github.com/sentra-iam/sentra-iam/internal/integration/storage/s3.go:134.27,135.37 1 1
github.com/sentra-iam/sentra-iam/internal/integration/storage/s3.go:135.37,138.4 2 1
github.com/sentra-iam/sentra-iam/internal/integration/storage/s3.go:141.2,141.34 1 1
github.com/sentra-iam/sentra-iam/internal/integration/storage/s3.go:141.34,143.19 2 1
github.com/sentra-iam/sentra-iam/internal/integration/storage/s3.go:143.19,147.4 1 1
github.com/sentra-iam/sentra-iam/internal/integration/storage/s3.go:148.3,148.49 1 1
github.com/sentra-iam/sentra-iam/internal/integration/storage/s3.go:151.2,151.20 1 1
github.com/sentra-iam/sentra-iam/internal/integration/storage/storage.go:35.75,36.32 1 1
github.com/sentra-iam/sentra-iam/internal/integration/storage/storage.go:37.36,39.17 2 1
github.com/sentra-iam/sentra-iam/internal/integration/storage/storage.go:39.17,43.4 1 1
github.com/sentra-iam/sentra-iam/internal/integration/storage/storage.go:44.3,44.25 1 0
github.com/sentra-iam/sentra-iam/internal/integration/storage/storage.go:45.35,47.17 2 1
github.com/sentra-iam/sentra-iam/internal/integration/storage/storage.go:47.17,51.4 1 0
github.com/sentra-iam/sentra-iam/internal/integration/storage/storage.go:52.3,52.24 1 1
github.com/sentra-iam/sentra-iam/internal/integration/storage/storage.go:53.10,57.59 1 1
github.com/sentra-iam/sentra-iam/internal/monitoring/new_relic.go:12.63,17.19 3 1
github.com/sentra-iam/sentra-iam/internal/monitoring/new_relic.go:17.19,20.3 2 1
github.com/sentra-iam/sentra-iam/internal/monitoring/new_relic.go:23.2,23.19 1 1
github.com/sentra-iam/sentra-iam/internal/monitoring/new_relic.go:23.19,25.3 1 1
github.com/sentra-iam/sentra-iam/internal/monitoring/new_relic.go:27.2,34.16 2 1
github.com/sentra-iam/sentra-iam/internal/monitoring/new_relic.go:34.16,37.3 2 1
github.com/sentra-iam/sentra-iam/internal/monitoring/new_relic.go:40.2,40.23 1 1
github.com/sentra-iam/sentra-iam/internal/monitoring/new_relic.go:40.23,41.89 1 1
github.com/sentra-iam/sentra-iam/internal/monitoring/new_relic.go:41.89,43.4 1 1
github.com/sentra-iam/sentra-iam/internal/monitoring/new_relic.go:44.3,44.36 1 1
github.com/sentra-iam/sentra-iam/internal/monitoring/new_relic.go:47.2,49.12 2 1
github.com/sentra-iam/sentra-iam/internal/monitoring/newrelic_zap.go:18.51,23.2 1 1
github.com/sentra-iam/sentra-iam/internal/monitoring/newrelic_zap.go:26.52,27.18 1 1
github.com/sentra-iam/sentra-iam/internal/monitoring/newrelic_zap.go:27.18,29.3 1 1
github.com/sentra-iam/sentra-iam/internal/monitoring/newrelic_zap.go:30.2,30.29 1 1
github.com/sentra-iam/sentra-iam/internal/monitoring/newrelic_zap.go:30.29,31.17 1 1
github.com/sentra-iam/sentra-iam/internal/monitoring/newrelic_zap.go:31.17,33.4 1 1
github.com/sentra-iam/sentra-iam/internal/monitoring/newrelic_zap.go:35.2,35.14 1 1
github.com/sentra-iam/sentra-iam/internal/monitoring/newrelic_zap.go:39.56,41.2 1 1
github.com/sentra-iam/sentra-iam/internal/monitoring/newrelic_zap.go:44.98,45.28 1 1
github.com/sentra-iam/sentra-iam/internal/monitoring/newrelic_zap.go:45.28,47.3 1 1
github.com/sentra-iam/sentra-iam/internal/monitoring/newrelic_zap.go:48.2,48.16 1 1
github.com/sentra-iam/sentra-iam/internal/monitoring/newrelic_zap.go:52.71,53.18 1 1
github.com/sentra-iam/sentra-iam/internal/monitoring/newrelic_zap.go:53.18,55.3 1 1
github.com/sentra-iam/sentra-iam/internal/monitoring/newrelic_zap.go:58.2,59.21 2 1
github.com/sentra-iam/sentra-iam/internal/monitoring/newrelic_zap.go:60.26,61.21 1 1
github.com/sentra-iam/sentra-iam/internal/monitoring/newrelic_zap.go:62.25,63.20 1 1
github.com/sentra-iam/sentra-iam/internal/monitoring/newrelic_zap.go:64.25,65.20 1 1
github.com/sentra-iam/sentra-iam/internal/monitoring/newrelic_zap.go:66.26,67.21 1 1
github.com/sentra-iam/sentra-iam/internal/monitoring/newrelic_zap.go:68.46,69.24 1 1
github.com/sentra-iam/sentra-iam/internal/monitoring/newrelic_zap.go:73.2,74.31 2 1
github.com/sentra-iam/sentra-iam/internal/monitoring/newrelic_zap.go:74.31,76.29 1 1
github.com/sentra-iam/sentra-iam/internal/monitoring/newrelic_zap.go:76.29,77.59 1 1
github.com/sentra-iam/sentra-iam/internal/monitoring/newrelic_zap.go:77.59,79.13 2 0
github.com/sentra-iam/sentra-iam/internal/monitoring/newrelic_zap.go:82.3,82.42 1 1
github.com/sentra-iam/sentra-iam/internal/monitoring/newrelic_zap.go:86.2,86.35 1 1
github.com/sentra-iam/sentra-iam/internal/monitoring/newrelic_zap.go:86.35,88.3 1 1
github.com/sentra-iam/sentra-iam/internal/monitoring/newrelic_zap.go:89.2,99.12 3 1
github.com/sentra-iam/sentra-iam/internal/monitoring/newrelic_zap.go:103.31,105.2 1 1
github.com/sentra-iam/sentra-iam/internal/monitoring/sentry.go:17.36,18.44 1 1
github.com/sentra-iam/sentra-iam/internal/monitoring/sentry.go:18.44,20.3 1 1
github.com/sentra-iam/sentra-iam/internal/monitoring/sentry.go:21.2,30.79 1 1
github.com/sentra-iam/sentra-iam/internal/monitoring/sentry.go:30.79,31.28 1 1
github.com/sentra-iam/sentra-iam/internal/monitoring/sentry.go:31.28,32.37 1 0
github.com/sentra-iam/sentra-iam/internal/monitoring/sentry.go:32.37,35.6 2 0
github.com/sentra-iam/sentra-iam/internal/monitoring/sentry.go:37.4,37.16 1 1
github.com/sentra-iam/sentra-iam/internal/monitoring/sentry.go:41.2,41.16 1 1
github.com/sentra-iam/sentra-iam/internal/monitoring/sentry.go:41.16,43.3 1 0
github.com/sentra-iam/sentra-iam/internal/monitoring/sentry.go:45.2,45.23 1 1
github.com/sentra-iam/sentra-iam/internal/monitoring/sentry.go:45.23,46.89 1 1
github.com/sentra-iam/sentra-iam/internal/monitoring/sentry.go:46.89,48.4 1 1
github.com/sentra-iam/sentra-iam/internal/monitoring/sentry.go:49.3,49.36 1 1
github.com/sentra-iam/sentra-iam/internal/monitoring/sentry.go:54.20,56.2 1 1
github.com/sentra-iam/sentra-iam/internal/monitoring/sentry.go:60.52,62.16 2 1
github.com/sentra-iam/sentra-iam/internal/monitoring/sentry.go:62.16,64.3 1 1
github.com/sentra-iam/sentra-iam/internal/monitoring/sentry.go:65.2,65.12 1 1
github.com/sentra-iam/sentra-iam/internal/monitoring/sentry.go:74.57,75.16 1 1
github.com/sentra-iam/sentra-iam/internal/monitoring/sentry.go:75.16,77.3 1 1
github.com/sentra-iam/sentra-iam/internal/monitoring/sentry.go:78.2,78.32 1 1
github.com/sentra-iam/sentra-iam/internal/monitoring/sentry.go:82.59,87.2 4 1
github.com/sentra-iam/sentra-iam/internal/monitoring/sentry_zap.go:21.77,22.19 1 1
github.com/sentra-iam/sentra-iam/internal/monitoring/sentry_zap.go:22.19,28.3 1 1
github.com/sentra-iam/sentra-iam/internal/monitoring/sentry_zap.go:29.2,29.16 1 1
github.com/sentra-iam/sentra-iam/internal/monitoring/sentry_zap.go:29.16,31.3 1 0
github.com/sentra-iam/sentra-iam/internal/monitoring/sentry_zap.go:32.2,35.3 1 1
github.com/sentra-iam/sentra-iam/internal/monitoring/sentry_zap.go:39.56,40.29 1 1
github.com/sentra-iam/sentra-iam/internal/monitoring/sentry_zap.go:40.29,41.17 1 1
github.com/sentra-iam/sentra-iam/internal/monitoring/sentry_zap.go:41.17,43.4 1 1
github.com/sentra-iam/sentra-iam/internal/monitoring/sentry_zap.go:45.2,45.14 1 1
github.com/sentra-iam/sentra-iam/internal/monitoring/sentry_zap.go:49.60,51.2 1 1
github.com/sentra-iam/sentra-iam/internal/monitoring/sentry_zap.go:54.102,55.28 1 1
github.com/sentra-iam/sentra-iam/internal/monitoring/sentry_zap.go:55.28,57.3 1 1
github.com/sentra-iam/sentra-iam/internal/monitoring/sentry_zap.go:58.2,58.16 1 1
github.com/sentra-iam/sentra-iam/internal/monitoring/sentry_zap.go:62.75,64.47 2 1
github.com/sentra-iam/sentra-iam/internal/monitoring/sentry_zap.go:64.47,67.32 2 1
github.com/sentra-iam/sentra-iam/internal/monitoring/sentry_zap.go:67.32,68.28 1 1
github.com/sentra-iam/sentra-iam/internal/monitoring/sentry_zap.go:68.28,69.47 1 1
github.com/sentra-iam/sentra-iam/internal/monitoring/sentry_zap.go:69.47,72.14 3 1
github.com/sentra-iam/sentra-iam/internal/monitoring/sentry_zap.go:75.4,75.46 1 1
github.com/sentra-iam/sentra-iam/internal/monitoring/sentry_zap.go:78.3,82.27 4 1
github.com/sentra-iam/sentra-iam/internal/monitoring/sentry_zap.go:82.27,86.4 3 1
github.com/sentra-iam/sentra-iam/internal/monitoring/sentry_zap.go:89.2,90.31 2 1
github.com/sentra-iam/sentra-iam/internal/monitoring/sentry_zap.go:90.31,91.27 1 1
github.com/sentra-iam/sentra-iam/internal/monitoring/sentry_zap.go:91.27,93.4 1 1
github.com/sentra-iam/sentra-iam/internal/monitoring/sentry_zap.go:96.2,100.12 4 1
github.com/sentra-iam/sentra-iam/internal/monitoring/sentry_zap.go:104.35,106.2 1 1
github.com/sentra-iam/sentra-iam/internal/monitoring/sentry_zap.go:108.55,109.15 1 1
github.com/sentra-iam/sentra-iam/internal/monitoring/sentry_zap.go:110.26,111.27 1 1
github.com/sentra-iam/sentra-iam/internal/monitoring/sentry_zap.go:112.25,113.26 1 1
github.com/sentra-iam/sentra-iam/internal/monitoring/sentry_zap.go:114.25,115.29 1 1
github.com/sentra-iam/sentra-iam/internal/monitoring/sentry_zap.go:116.26,117.27 1 1
github.com/sentra-iam/sentra-iam/internal/monitoring/sentry_zap.go:118.46,119.27 1 1
github.com/sentra-iam/sentra-iam/internal/monitoring/sentry_zap.go:120.10,121.26 1 1
github.com/sentra-iam/sentra-iam/internal/monitoring/sentry_zap.go:125.49,126.25 1 1
github.com/sentra-iam/sentra-iam/internal/monitoring/sentry_zap.go:127.13,128.21 1 1
github.com/sentra-iam/sentra-iam/internal/monitoring/sentry_zap.go:129.14,130.13 1 1
github.com/sentra-iam/sentra-iam/internal/monitoring/sentry_zap.go:131.10,132.32 1 1
github.com/sentra-iam/sentra-iam/internal/dtos/admin.go:167.82,179.2 2 1
github.com/sentra-iam/sentra-iam/internal/dtos/admin.go:181.90,189.2 1 1
github.com/sentra-iam/sentra-iam/internal/dtos/admin.go:191.90,198.19 2 1
github.com/sentra-iam/sentra-iam/internal/dtos/admin.go:198.19,202.3 3 1
github.com/sentra-iam/sentra-iam/internal/dtos/admin.go:203.2,203.13 1 1
github.com/sentra-iam/sentra-iam/internal/dtos/admin.go:206.73,219.2 1 1
github.com/sentra-iam/sentra-iam/internal/dtos/audit_log.go:31.76,32.16 1 1
github.com/sentra-iam/sentra-iam/internal/dtos/audit_log.go:32.16,34.3 1 1
github.com/sentra-iam/sentra-iam/internal/dtos/audit_log.go:35.2,51.27 2 1
github.com/sentra-iam/sentra-iam/internal/dtos/audit_log.go:51.27,53.60 2 1
github.com/sentra-iam/sentra-iam/internal/dtos/audit_log.go:53.60,55.4 1 1
github.com/sentra-iam/sentra-iam/internal/dtos/audit_log.go:57.2,57.27 1 1
github.com/sentra-iam/sentra-iam/internal/dtos/audit_log.go:57.27,59.59 2 1
github.com/sentra-iam/sentra-iam/internal/dtos/audit_log.go:59.59,61.4 1 1
github.com/sentra-iam/sentra-iam/internal/dtos/audit_log.go:63.2,63.13 1 1
github.com/sentra-iam/sentra-iam/internal/dtos/common.go:18.56,20.2 1 1
github.com/sentra-iam/sentra-iam/internal/dtos/common.go:51.44,56.2 1 1
github.com/sentra-iam/sentra-iam/internal/dtos/common.go:59.47,64.2 1 1
github.com/sentra-iam/sentra-iam/internal/dtos/common.go:67.50,69.2 1 1
github.com/sentra-iam/sentra-iam/internal/dtos/common.go:72.43,73.22 1 1
github.com/sentra-iam/sentra-iam/internal/dtos/common.go:73.22,75.3 1 1
github.com/sentra-iam/sentra-iam/internal/dtos/common.go:76.2,76.20 1 1
github.com/sentra-iam/sentra-iam/internal/dtos/common.go:80.44,81.22 1 1
github.com/sentra-iam/sentra-iam/internal/dtos/common.go:81.22,83.3 1 1
github.com/sentra-iam/sentra-iam/internal/dtos/common.go:84.2,84.36 1 1
github.com/sentra-iam/sentra-iam/internal/dtos/common.go:87.31,89.17 1 1
github.com/sentra-iam/sentra-iam/internal/dtos/common.go:89.17,91.3 1 1
github.com/sentra-iam/sentra-iam/internal/dtos/common.go:94.2,97.39 2 1
github.com/sentra-iam/sentra-iam/internal/dtos/common.go:97.39,99.3 1 1
github.com/sentra-iam/sentra-iam/internal/dtos/common.go:101.2,101.9 1 1
github.com/sentra-iam/sentra-iam/internal/dtos/common.go:102.45,103.23 1 1
github.com/sentra-iam/sentra-iam/internal/dtos/common.go:104.45,105.31 1 1
github.com/sentra-iam/sentra-iam/internal/dtos/common.go:106.45,107.33 1 1
github.com/sentra-iam/sentra-iam/internal/dtos/common.go:108.45,109.30 1 1
github.com/sentra-iam/sentra-iam/internal/dtos/common.go:110.45,111.29 1 1
github.com/sentra-iam/sentra-iam/internal/dtos/common.go:112.45,113.40 1 1
github.com/sentra-iam/sentra-iam/internal/dtos/common.go:114.10,115.40 1 1
github.com/sentra-iam/sentra-iam/internal/dtos/common.go:119.64,125.2 1 1
github.com/sentra-iam/sentra-iam/internal/dtos/common.go:127.90,136.2 1 1
github.com/sentra-iam/sentra-iam/internal/dtos/oidc.go:21.66,32.2 1 1
github.com/sentra-iam/sentra-iam/internal/dtos/pagination.go:6.54,7.31 1 1
github.com/sentra-iam/sentra-iam/internal/dtos/pagination.go:7.31,9.3 1 1
github.com/sentra-iam/sentra-iam/internal/dtos/pagination.go:10.2,10.22 1 1
github.com/sentra-iam/sentra-iam/internal/dtos/pagination.go:10.22,12.3 1 1
github.com/sentra-iam/sentra-iam/internal/dtos/pagination.go:13.2,13.27 1 1
github.com/sentra-iam/sentra-iam/internal/dtos/pagination.go:13.27,15.3 1 1
github.com/sentra-iam/sentra-iam/internal/dtos/pagination.go:16.2,16.18 1 1
github.com/sentra-iam/sentra-iam/internal/dtos/pagination.go:16.18,18.3 1 1
github.com/sentra-iam/sentra-iam/internal/dtos/pagination.go:22.76,23.15 1 1
github.com/sentra-iam/sentra-iam/internal/dtos/pagination.go:23.15,25.3 1 1
github.com/sentra-iam/sentra-iam/internal/dtos/pagination.go:26.2,29.16 3 1
github.com/sentra-iam/sentra-iam/internal/dtos/pagination.go:29.16,31.3 1 1
github.com/sentra-iam/sentra-iam/internal/dtos/pagination.go:33.2,34.26 2 1
github.com/sentra-iam/sentra-iam/internal/dtos/pagination.go:34.26,36.3 1 1
github.com/sentra-iam/sentra-iam/internal/dtos/pagination.go:38.2,39.22 2 1
github.com/sentra-iam/sentra-iam/internal/dtos/pagination.go:39.22,41.3 1 1
github.com/sentra-iam/sentra-iam/internal/dtos/pagination.go:42.2,42.89 1 1
github.com/sentra-iam/sentra-iam/internal/dtos/user.go:30.55,41.2 1 1
github.com/sentra-iam/sentra-iam/internal/httpclient/resty.go:24.55,38.34 3 1
github.com/sentra-iam/sentra-iam/internal/httpclient/resty.go:38.34,43.62 1 1
github.com/sentra-iam/sentra-iam/internal/httpclient/resty.go:43.62,44.19 1 1
github.com/sentra-iam/sentra-iam/internal/httpclient/resty.go:44.19,46.6 1 0
github.com/sentra-iam/sentra-iam/internal/httpclient/resty.go:47.5,47.17 1 1
github.com/sentra-iam/sentra-iam/internal/httpclient/resty.go:47.17,49.6 1 0
github.com/sentra-iam/sentra-iam/internal/httpclient/resty.go:50.5,52.80 2 1
github.com/sentra-iam/sentra-iam/internal/httpclient/resty.go:52.80,54.6 1 1
github.com/sentra-iam/sentra-iam/internal/httpclient/resty.go:55.5,55.17 1 1
github.com/sentra-iam/sentra-iam/internal/httpclient/resty.go:60.2,63.38 2 1
github.com/sentra-iam/sentra-iam/internal/httpclient/resty.go:63.38,66.3 1 1
github.com/sentra-iam/sentra-iam/internal/httpclient/resty.go:68.2,68.32 1 1
github.com/sentra-iam/sentra-iam/internal/httpclient/resty.go:76.28,77.20 1 1
github.com/sentra-iam/sentra-iam/internal/httpclient/resty.go:77.20,79.3 1 1
github.com/sentra-iam/sentra-iam/internal/httpclient/resty.go:80.2,87.17 2 1
github.com/sentra-iam/sentra-iam/internal/httpclient/resty.go:95.28,96.20 1 1
github.com/sentra-iam/sentra-iam/internal/httpclient/resty.go:96.20,98.3 1 1
github.com/sentra-iam/sentra-iam/internal/httpclient/resty.go:99.2,106.16 2 1
github.com/sentra-iam/sentra-iam/internal/httpclient/resty.go:114.28,115.20 1 1
github.com/sentra-iam/sentra-iam/internal/httpclient/resty.go:115.20,117.3 1 1
github.com/sentra-iam/sentra-iam/internal/httpclient/resty.go:118.2,125.19 3 1
github.com/sentra-iam/sentra-iam/internal/httpclient/resty.go:125.19,127.3 1 1
github.com/sentra-iam/sentra-iam/internal/httpclient/resty.go:129.2,129.30 1 1
github.com/sentra-iam/sentra-iam/internal/httpclient/resty.go:137.28,138.20 1 1
github.com/sentra-iam/sentra-iam/internal/httpclient/resty.go:138.20,140.3 1 1
github.com/sentra-iam/sentra-iam/internal/httpclient/resty.go:141.2,148.18 2 1
github.com/sentra-iam/sentra-iam/internal/request/audit_context.go:19.72,22.2 2 1
github.com/sentra-iam/sentra-iam/internal/request/audit_context.go:25.83,27.2 1 1
github.com/sentra-iam/sentra-iam/internal/request/context.go:13.33,15.2 1 1
github.com/sentra-iam/sentra-iam/internal/request/context.go:20.66,23.2 2 1
github.com/sentra-iam/sentra-iam/internal/request/context.go:26.87,28.2 1 1
github.com/sentra-iam/sentra-iam/internal/request/context.go:34.69,37.2 2 1
github.com/sentra-iam/sentra-iam/internal/request/context.go:40.94,42.2 1 1
github.com/sentra-iam/sentra-iam/internal/request/context.go:45.67,47.2 1 1
github.com/sentra-iam/sentra-iam/internal/request/context.go:50.89,52.2 1 1
github.com/sentra-iam/sentra-iam/internal/request/context.go:57.64,60.2 2 1
github.com/sentra-iam/sentra-iam/internal/request/context.go:63.83,65.2 1 1
github.com/sentra-iam/sentra-iam/internal/handlers/admin.go:24.107,30.2 1 1
github.com/sentra-iam/sentra-iam/internal/handlers/admin.go:39.55,41.16 2 1
github.com/sentra-iam/sentra-iam/internal/handlers/admin.go:41.16,43.3 1 1
github.com/sentra-iam/sentra-iam/internal/handlers/admin.go:44.2,44.79 1 1
github.com/sentra-iam/sentra-iam/internal/handlers/admin.go:58.56,65.16 2 1
github.com/sentra-iam/sentra-iam/internal/handlers/admin.go:65.16,67.3 1 1
github.com/sentra-iam/sentra-iam/internal/handlers/admin.go:68.2,68.78 1 1
github.com/sentra-iam/sentra-iam/internal/handlers/admin.go:80.58,82.16 2 1
github.com/sentra-iam/sentra-iam/internal/handlers/admin.go:82.16,84.3 1 1
github.com/sentra-iam/sentra-iam/internal/handlers/admin.go:85.2,85.82 1 1
github.com/sentra-iam/sentra-iam/internal/handlers/admin.go:97.59,99.38 2 1
github.com/sentra-iam/sentra-iam/internal/handlers/admin.go:99.38,101.3 1 1
github.com/sentra-iam/sentra-iam/internal/handlers/admin.go:102.2,102.49 1 1
github.com/sentra-iam/sentra-iam/internal/handlers/admin.go:102.49,104.3 1 1
github.com/sentra-iam/sentra-iam/internal/handlers/admin.go:105.2,106.16 2 1
github.com/sentra-iam/sentra-iam/internal/handlers/admin.go:106.16,108.3 1 1
github.com/sentra-iam/sentra-iam/internal/handlers/admin.go:109.2,113.20 5 1
github.com/sentra-iam/sentra-iam/internal/handlers/admin.go:124.56,126.20 2 1
github.com/sentra-iam/sentra-iam/internal/handlers/admin.go:126.20,128.3 1 1
github.com/sentra-iam/sentra-iam/internal/handlers/admin.go:129.2,130.16 2 1
github.com/sentra-iam/sentra-iam/internal/handlers/admin.go:130.16,132.3 1 1
github.com/sentra-iam/sentra-iam/internal/handlers/admin.go:133.2,133.75 1 1
github.com/sentra-iam/sentra-iam/internal/handlers/admin.go:146.59,148.20 2 1
github.com/sentra-iam/sentra-iam/internal/handlers/admin.go:148.20,150.3 1 1
github.com/sentra-iam/sentra-iam/internal/handlers/admin.go:151.2,152.38 2 1
github.com/sentra-iam/sentra-iam/internal/handlers/admin.go:152.38,154.3 1 0
github.com/sentra-iam/sentra-iam/internal/handlers/admin.go:155.2,155.49 1 1
github.com/sentra-iam/sentra-iam/internal/handlers/admin.go:155.49,157.3 1 1
github.com/sentra-iam/sentra-iam/internal/handlers/admin.go:158.2,159.16 2 1
github.com/sentra-iam/sentra-iam/internal/handlers/admin.go:159.16,161.3 1 1
github.com/sentra-iam/sentra-iam/internal/handlers/admin.go:162.2,162.73 1 1
github.com/sentra-iam/sentra-iam/internal/handlers/admin.go:173.59,175.20 2 1
github.com/sentra-iam/sentra-iam/internal/handlers/admin.go:175.20,177.3 1 1
github.com/sentra-iam/sentra-iam/internal/handlers/admin.go:178.2,178.85 1 1
github.com/sentra-iam/sentra-iam/internal/handlers/admin.go:178.85,180.3 1 1
github.com/sentra-iam/sentra-iam/internal/handlers/admin.go:181.2,181.42 1 1
github.com/sentra-iam/sentra-iam/internal/handlers/admin.go:194.64,196.20 2 1
github.com/sentra-iam/sentra-iam/internal/handlers/admin.go:196.20,198.3 1 1
github.com/sentra-iam/sentra-iam/internal/handlers/admin.go:199.2,200.16 2 1
github.com/sentra-iam/sentra-iam/internal/handlers/admin.go:200.16,202.3 1 1
github.com/sentra-iam/sentra-iam/internal/handlers/admin.go:203.2,203.89 1 1
github.com/sentra-iam/sentra-iam/internal/handlers/admin.go:216.58,222.16 2 1
github.com/sentra-iam/sentra-iam/internal/handlers/admin.go:222.16,224.3 1 1
github.com/sentra-iam/sentra-iam/internal/handlers/admin.go:225.2,225.82 1 1
github.com/sentra-iam/sentra-iam/internal/handlers/admin.go:237.59,239.38 2 1
github.com/sentra-iam/sentra-iam/internal/handlers/admin.go:239.38,241.3 1 0
github.com/sentra-iam/sentra-iam/internal/handlers/admin.go:242.2,242.49 1 1
github.com/sentra-iam/sentra-iam/internal/handlers/admin.go:242.49,244.3 1 0
github.com/sentra-iam/sentra-iam/internal/handlers/admin.go:245.2,246.16 2 1
github.com/sentra-iam/sentra-iam/internal/handlers/admin.go:246.16,248.3 1 1
github.com/sentra-iam/sentra-iam/internal/handlers/admin.go:249.2,253.20 5 1
github.com/sentra-iam/sentra-iam/internal/handlers/admin.go:264.56,266.20 2 1
github.com/sentra-iam/sentra-iam/internal/handlers/admin.go:266.20,268.3 1 1
github.com/sentra-iam/sentra-iam/internal/handlers/admin.go:269.2,270.16 2 1
github.com/sentra-iam/sentra-iam/internal/handlers/admin.go:270.16,272.3 1 1
github.com/sentra-iam/sentra-iam/internal/handlers/admin.go:273.2,273.81 1 1
github.com/sentra-iam/sentra-iam/internal/handlers/admin.go:286.59,288.20 2 1
github.com/sentra-iam/sentra-iam/internal/handlers/admin.go:288.20,290.3 1 1
github.com/sentra-iam/sentra-iam/internal/handlers/admin.go:291.2,292.38 2 1
github.com/sentra-iam/sentra-iam/internal/handlers/admin.go:292.38,294.3 1 0
github.com/sentra-iam/sentra-iam/internal/handlers/admin.go:295.2,295.49 1 1
github.com/sentra-iam/sentra-iam/internal/handlers/admin.go:295.49,297.3 1 1
github.com/sentra-iam/sentra-iam/internal/handlers/admin.go:298.2,299.16 2 1
github.com/sentra-iam/sentra-iam/internal/handlers/admin.go:299.16,301.3 1 1
github.com/sentra-iam/sentra-iam/internal/handlers/admin.go:302.2,302.79 1 1
github.com/sentra-iam/sentra-iam/internal/handlers/admin.go:313.59,315.20 2 1
github.com/sentra-iam/sentra-iam/internal/handlers/admin.go:315.20,317.3 1 1
github.com/sentra-iam/sentra-iam/internal/handlers/admin.go:318.2,318.85 1 1
github.com/sentra-iam/sentra-iam/internal/handlers/admin.go:318.85,320.3 1 0
github.com/sentra-iam/sentra-iam/internal/handlers/admin.go:321.2,321.42 1 1
github.com/sentra-iam/sentra-iam/internal/handlers/admin.go:334.68,336.20 2 1
github.com/sentra-iam/sentra-iam/internal/handlers/admin.go:336.20,338.3 1 1
github.com/sentra-iam/sentra-iam/internal/handlers/admin.go:339.2,340.16 2 1
github.com/sentra-iam/sentra-iam/internal/handlers/admin.go:340.16,342.3 1 1
github.com/sentra-iam/sentra-iam/internal/handlers/admin.go:343.2,343.95 1 1
github.com/sentra-iam/sentra-iam/internal/handlers/admin.go:357.68,359.20 2 1
github.com/sentra-iam/sentra-iam/internal/handlers/admin.go:359.20,361.3 1 1
github.com/sentra-iam/sentra-iam/internal/handlers/admin.go:362.2,363.22 2 1
github.com/sentra-iam/sentra-iam/internal/handlers/admin.go:363.22,365.3 1 1
github.com/sentra-iam/sentra-iam/internal/handlers/admin.go:367.2,368.38 2 1
github.com/sentra-iam/sentra-iam/internal/handlers/admin.go:368.38,370.3 1 1
github.com/sentra-iam/sentra-iam/internal/handlers/admin.go:372.2,378.16 1 1
github.com/sentra-iam/sentra-iam/internal/handlers/admin.go:378.16,380.3 1 1
github.com/sentra-iam/sentra-iam/internal/handlers/admin.go:381.2,381.42 1 1
github.com/sentra-iam/sentra-iam/internal/handlers/admin.go:394.56,397.38 3 1
github.com/sentra-iam/sentra-iam/internal/handlers/admin.go:397.38,399.3 1 1
github.com/sentra-iam/sentra-iam/internal/handlers/admin.go:400.2,400.49 1 1
github.com/sentra-iam/sentra-iam/internal/handlers/admin.go:400.49,402.3 1 1
github.com/sentra-iam/sentra-iam/internal/handlers/admin.go:403.2,403.112 1 1
github.com/sentra-iam/sentra-iam/internal/handlers/admin.go:403.112,405.3 1 1
github.com/sentra-iam/sentra-iam/internal/handlers/admin.go:406.2,406.42 1 1
github.com/sentra-iam/sentra-iam/internal/handlers/admin.go:418.59,421.93 3 1
github.com/sentra-iam/sentra-iam/internal/handlers/admin.go:421.93,423.3 1 1
github.com/sentra-iam/sentra-iam/internal/handlers/admin.go:424.2,424.42 1 1
github.com/sentra-iam/sentra-iam/internal/handlers/admin.go:442.60,449.46 2 1
github.com/sentra-iam/sentra-iam/internal/handlers/admin.go:449.46,451.17 2 1
github.com/sentra-iam/sentra-iam/internal/handlers/admin.go:451.17,453.4 1 1
github.com/sentra-iam/sentra-iam/internal/handlers/admin.go:454.3,454.20 1 1
github.com/sentra-iam/sentra-iam/internal/handlers/admin.go:456.2,456.40 1 1
github.com/sentra-iam/sentra-iam/internal/handlers/admin.go:456.40,458.17 2 1
github.com/sentra-iam/sentra-iam/internal/handlers/admin.go:458.17,460.4 1 1
github.com/sentra-iam/sentra-iam/internal/handlers/admin.go:461.3,461.18 1 1
github.com/sentra-iam/sentra-iam/internal/handlers/admin.go:464.2,465.16 2 1
github.com/sentra-iam/sentra-iam/internal/handlers/admin.go:465.16,467.3 1 1
github.com/sentra-iam/sentra-iam/internal/handlers/admin.go:468.2,468.69 1 1
github.com/sentra-iam/sentra-iam/internal/handlers/admin_user.go:14.61,16.14 2 1
github.com/sentra-iam/sentra-iam/internal/handlers/admin_user.go:16.14,18.3 1 1
github.com/sentra-iam/sentra-iam/internal/handlers/admin_user.go:19.2,20.20 2 1
github.com/sentra-iam/sentra-iam/internal/handlers/admin_user.go:20.20,22.3 1 1
github.com/sentra-iam/sentra-iam/internal/handlers/admin_user.go:23.2,23.15 1 1
github.com/sentra-iam/sentra-iam/internal/handlers/admin_user.go:26.93,32.46 2 1
github.com/sentra-iam/sentra-iam/internal/handlers/admin_user.go:32.46,34.17 2 1
github.com/sentra-iam/sentra-iam/internal/handlers/admin_user.go:34.17,36.4 1 1
github.com/sentra-iam/sentra-iam/internal/handlers/admin_user.go:37.3,37.20 1 1
github.com/sentra-iam/sentra-iam/internal/handlers/admin_user.go:39.2,39.40 1 1
github.com/sentra-iam/sentra-iam/internal/handlers/admin_user.go:39.40,41.17 2 1
github.com/sentra-iam/sentra-iam/internal/handlers/admin_user.go:41.17,43.4 1 1
github.com/sentra-iam/sentra-iam/internal/handlers/admin_user.go:44.3,44.18 1 1
github.com/sentra-iam/sentra-iam/internal/handlers/admin_user.go:46.2,46.21 1 1
github.com/sentra-iam/sentra-iam/internal/handlers/admin_user.go:57.54,59.18 2 1
github.com/sentra-iam/sentra-iam/internal/handlers/admin_user.go:59.18,61.3 1 1
github.com/sentra-iam/sentra-iam/internal/handlers/admin_user.go:62.2,63.16 2 1
github.com/sentra-iam/sentra-iam/internal/handlers/admin_user.go:63.16,65.3 1 1
github.com/sentra-iam/sentra-iam/internal/handlers/admin_user.go:66.2,66.71 1 1
github.com/sentra-iam/sentra-iam/internal/handlers/admin_user.go:77.58,79.16 2 1
github.com/sentra-iam/sentra-iam/internal/handlers/admin_user.go:79.16,81.3 1 1
github.com/sentra-iam/sentra-iam/internal/handlers/admin_user.go:82.2,83.20 2 1
github.com/sentra-iam/sentra-iam/internal/handlers/admin_user.go:83.20,85.3 1 1
github.com/sentra-iam/sentra-iam/internal/handlers/admin_user.go:86.2,86.93 1 1
github.com/sentra-iam/sentra-iam/internal/handlers/admin_user.go:86.93,88.3 1 1
github.com/sentra-iam/sentra-iam/internal/handlers/admin_user.go:89.2,89.42 1 1
github.com/sentra-iam/sentra-iam/internal/handlers/admin_user.go:100.62,102.16 2 1
github.com/sentra-iam/sentra-iam/internal/handlers/admin_user.go:102.16,104.3 1 1
github.com/sentra-iam/sentra-iam/internal/handlers/admin_user.go:105.2,106.20 2 1
github.com/sentra-iam/sentra-iam/internal/handlers/admin_user.go:106.20,108.3 1 1
github.com/sentra-iam/sentra-iam/internal/handlers/admin_user.go:109.2,109.97 1 1
github.com/sentra-iam/sentra-iam/internal/handlers/admin_user.go:109.97,111.3 1 1
github.com/sentra-iam/sentra-iam/internal/handlers/admin_user.go:112.2,112.42 1 1
github.com/sentra-iam/sentra-iam/internal/handlers/admin_user.go:123.59,125.16 2 1
github.com/sentra-iam/sentra-iam/internal/handlers/admin_user.go:125.16,127.3 1 0
github.com/sentra-iam/sentra-iam/internal/handlers/admin_user.go:128.2,129.20 2 1
github.com/sentra-iam/sentra-iam/internal/handlers/admin_user.go:129.20,131.3 1 1
github.com/sentra-iam/sentra-iam/internal/handlers/admin_user.go:132.2,132.90 1 1
github.com/sentra-iam/sentra-iam/internal/handlers/admin_user.go:132.90,134.3 1 1
github.com/sentra-iam/sentra-iam/internal/handlers/admin_user.go:135.2,135.42 1 1
github.com/sentra-iam/sentra-iam/internal/handlers/admin_user.go:146.64,148.16 2 1
github.com/sentra-iam/sentra-iam/internal/handlers/admin_user.go:148.16,150.3 1 0
github.com/sentra-iam/sentra-iam/internal/handlers/admin_user.go:151.2,152.20 2 1
github.com/sentra-iam/sentra-iam/internal/handlers/admin_user.go:152.20,154.3 1 1
github.com/sentra-iam/sentra-iam/internal/handlers/admin_user.go:155.2,155.95 1 1
github.com/sentra-iam/sentra-iam/internal/handlers/admin_user.go:155.95,157.3 1 1
github.com/sentra-iam/sentra-iam/internal/handlers/admin_user.go:158.2,158.42 1 1
github.com/sentra-iam/sentra-iam/internal/handlers/admin_user.go:169.61,171.20 2 1
github.com/sentra-iam/sentra-iam/internal/handlers/admin_user.go:171.20,173.3 1 1
github.com/sentra-iam/sentra-iam/internal/handlers/admin_user.go:174.2,175.16 2 1
github.com/sentra-iam/sentra-iam/internal/handlers/admin_user.go:175.16,177.3 1 0
github.com/sentra-iam/sentra-iam/internal/handlers/admin_user.go:178.2,178.80 1 1
github.com/sentra-iam/sentra-iam/internal/handlers/admin_user.go:195.63,197.16 2 1
github.com/sentra-iam/sentra-iam/internal/handlers/admin_user.go:197.16,199.3 1 1
github.com/sentra-iam/sentra-iam/internal/handlers/admin_user.go:200.2,201.16 2 1
github.com/sentra-iam/sentra-iam/internal/handlers/admin_user.go:201.16,203.3 1 1
github.com/sentra-iam/sentra-iam/internal/handlers/admin_user.go:204.2,204.72 1 1
github.com/sentra-iam/sentra-iam/internal/handlers/auth.go:41.16,52.2 1 1
github.com/sentra-iam/sentra-iam/internal/handlers/auth.go:62.54,64.37 2 1
github.com/sentra-iam/sentra-iam/internal/handlers/auth.go:64.37,66.3 1 1
github.com/sentra-iam/sentra-iam/internal/handlers/auth.go:67.2,67.48 1 1
github.com/sentra-iam/sentra-iam/internal/handlers/auth.go:67.48,69.27 2 1
github.com/sentra-iam/sentra-iam/internal/handlers/auth.go:69.27,71.4 1 1
github.com/sentra-iam/sentra-iam/internal/handlers/auth.go:72.3,72.76 1 0
github.com/sentra-iam/sentra-iam/internal/handlers/auth.go:75.2,76.16 2 1
github.com/sentra-iam/sentra-iam/internal/handlers/auth.go:76.16,78.3 1 1
github.com/sentra-iam/sentra-iam/internal/handlers/auth.go:79.2,79.94 1 1
github.com/sentra-iam/sentra-iam/internal/handlers/auth.go:93.51,95.37 2 1
github.com/sentra-iam/sentra-iam/internal/handlers/auth.go:95.37,97.3 1 0
github.com/sentra-iam/sentra-iam/internal/handlers/auth.go:98.2,98.48 1 1
github.com/sentra-iam/sentra-iam/internal/handlers/auth.go:98.48,100.27 2 1
[...]
github.com/sentra-iam/sentra-iam/internal/services/session.go:99.91,101.16 2 1
github.com/sentra-iam/sentra-iam/internal/services/session.go:101.16,103.3 1 1
github.com/sentra-iam/sentra-iam/internal/services/session.go:104.2,104.25 1 1
github.com/sentra-iam/sentra-iam/internal/services/session.go:107.82,108.21 1 1
github.com/sentra-iam/sentra-iam/internal/services/session.go:108.21,110.3 1 1
github.com/sentra-iam/sentra-iam/internal/services/session.go:111.2,111.58 1 1
github.com/sentra-iam/sentra-iam/internal/services/session.go:111.58,116.3 2 1
github.com/sentra-iam/sentra-iam/internal/services/session.go:117.2,119.12 2 1
github.com/sentra-iam/sentra-iam/internal/services/session.go:122.89,123.18 1 1
github.com/sentra-iam/sentra-iam/internal/services/session.go:123.18,125.3 1 1
github.com/sentra-iam/sentra-iam/internal/services/session.go:126.2,126.62 1 1
github.com/sentra-iam/sentra-iam/internal/services/session.go:126.62,132.3 2 1
github.com/sentra-iam/sentra-iam/internal/services/session.go:133.2,144.12 3 1
github.com/sentra-iam/sentra-iam/internal/services/tenant_context.go:45.24,52.2 1 1
github.com/sentra-iam/sentra-iam/internal/services/tenant_context.go:54.114,56.20 2 1
github.com/sentra-iam/sentra-iam/internal/services/tenant_context.go:56.20,57.22 1 1
github.com/sentra-iam/sentra-iam/internal/services/tenant_context.go:57.22,58.73 1 1
github.com/sentra-iam/sentra-iam/internal/services/tenant_context.go:58.73,60.5 1 0
github.com/sentra-iam/sentra-iam/internal/services/tenant_context.go:62.3,62.55 1 1
github.com/sentra-iam/sentra-iam/internal/services/tenant_context.go:65.2,65.21 1 1
github.com/sentra-iam/sentra-iam/internal/services/tenant_context.go:65.21,67.3 1 0
github.com/sentra-iam/sentra-iam/internal/services/tenant_context.go:69.2,70.16 2 1
github.com/sentra-iam/sentra-iam/internal/services/tenant_context.go:70.16,72.3 1 1
github.com/sentra-iam/sentra-iam/internal/services/tenant_context.go:73.2,73.27 1 1
github.com/sentra-iam/sentra-iam/internal/services/tenant_context.go:73.27,75.3 1 1
github.com/sentra-iam/sentra-iam/internal/services/tenant_context.go:76.2,76.27 1 1
github.com/sentra-iam/sentra-iam/internal/services/tenant_context.go:76.27,78.3 1 0
github.com/sentra-iam/sentra-iam/internal/services/tenant_context.go:81.2,81.33 1 1
github.com/sentra-iam/sentra-iam/internal/services/tenant_context.go:81.33,82.33 1 1
github.com/sentra-iam/sentra-iam/internal/services/tenant_context.go:82.33,83.43 1 1
github.com/sentra-iam/sentra-iam/internal/services/tenant_context.go:83.43,85.5 1 1
github.com/sentra-iam/sentra-iam/internal/services/tenant_context.go:89.2,89.56 1 1
github.com/sentra-iam/sentra-iam/internal/services/tenant_context.go:92.99,93.69 1 1
github.com/sentra-iam/sentra-iam/internal/services/tenant_context.go:93.69,95.34 2 1
github.com/sentra-iam/sentra-iam/internal/services/tenant_context.go:95.34,97.4 1 1
github.com/sentra-iam/sentra-iam/internal/services/tenant_context.go:100.2,100.59 1 1
github.com/sentra-iam/sentra-iam/internal/services/tenant_context.go:100.59,102.3 1 1
github.com/sentra-iam/sentra-iam/internal/services/tenant_context.go:104.2,104.52 1 1
github.com/sentra-iam/sentra-iam/internal/services/tenant_context.go:104.52,106.19 2 1
github.com/sentra-iam/sentra-iam/internal/services/tenant_context.go:106.19,108.35 2 1
github.com/sentra-iam/sentra-iam/internal/services/tenant_context.go:108.35,110.5 1 1
github.com/sentra-iam/sentra-iam/internal/services/tenant_context.go:114.2,114.21 1 1
github.com/sentra-iam/sentra-iam/internal/services/tenant_context.go:114.21,116.42 2 1
github.com/sentra-iam/sentra-iam/internal/services/tenant_context.go:116.42,118.4 1 1
github.com/sentra-iam/sentra-iam/internal/services/tenant_context.go:121.2,121.11 1 1
github.com/sentra-iam/sentra-iam/internal/services/tenant_context.go:124.103,126.16 2 1
github.com/sentra-iam/sentra-iam/internal/services/tenant_context.go:126.16,128.3 1 1
github.com/sentra-iam/sentra-iam/internal/services/tenant_context.go:129.2,129.9 1 1
github.com/sentra-iam/sentra-iam/internal/services/tenant_context.go:129.9,131.3 1 1
github.com/sentra-iam/sentra-iam/internal/services/tenant_context.go:132.2,132.12 1 1
github.com/sentra-iam/sentra-iam/internal/services/tenant_context.go:135.48,137.47 2 1
github.com/sentra-iam/sentra-iam/internal/services/tenant_context.go:137.47,139.3 1 1
github.com/sentra-iam/sentra-iam/internal/services/tenant_context.go:140.2,141.42 2 1
github.com/sentra-iam/sentra-iam/internal/services/tenant_context.go:141.42,143.3 1 1
github.com/sentra-iam/sentra-iam/internal/services/tenant_context.go:144.2,144.21 1 1
github.com/sentra-iam/sentra-iam/internal/services/tenant_context.go:144.21,146.3 1 1
github.com/sentra-iam/sentra-iam/internal/services/tenant_context.go:147.2,147.11 1 1
github.com/sentra-iam/sentra-iam/internal/services/user.go:59.15,69.2 1 1
github.com/sentra-iam/sentra-iam/internal/services/user.go:71.115,75.16 3 1
github.com/sentra-iam/sentra-iam/internal/services/user.go:75.16,79.3 1 1
github.com/sentra-iam/sentra-iam/internal/services/user.go:80.2,81.76 2 1
github.com/sentra-iam/sentra-iam/internal/services/user.go:81.76,83.3 1 0
github.com/sentra-iam/sentra-iam/internal/services/user.go:85.2,89.16 2 1
github.com/sentra-iam/sentra-iam/internal/services/user.go:89.16,91.3 1 0
github.com/sentra-iam/sentra-iam/internal/services/user.go:92.2,92.56 1 1
github.com/sentra-iam/sentra-iam/internal/services/user.go:92.56,94.3 1 0
github.com/sentra-iam/sentra-iam/internal/services/user.go:96.2,97.16 2 1
github.com/sentra-iam/sentra-iam/internal/services/user.go:97.16,101.3 1 0
github.com/sentra-iam/sentra-iam/internal/services/user.go:103.2,112.80 2 1
github.com/sentra-iam/sentra-iam/internal/services/user.go:112.80,114.3 1 0
github.com/sentra-iam/sentra-iam/internal/services/user.go:116.2,123.65 2 1
github.com/sentra-iam/sentra-iam/internal/services/user.go:123.65,125.3 1 1
github.com/sentra-iam/sentra-iam/internal/services/user.go:127.2,140.15 3 1
github.com/sentra-iam/sentra-iam/internal/services/user.go:143.147,145.16 2 1
github.com/sentra-iam/sentra-iam/internal/services/user.go:145.16,147.3 1 0
github.com/sentra-iam/sentra-iam/internal/services/user.go:148.2,152.4 1 1
github.com/sentra-iam/sentra-iam/internal/services/user.go:155.107,159.16 3 1
github.com/sentra-iam/sentra-iam/internal/services/user.go:159.16,161.76 2 1
github.com/sentra-iam/sentra-iam/internal/services/user.go:161.76,170.4 2 1
github.com/sentra-iam/sentra-iam/internal/services/user.go:171.3,171.18 1 1
github.com/sentra-iam/sentra-iam/internal/services/user.go:173.2,173.33 1 1
github.com/sentra-iam/sentra-iam/internal/services/user.go:173.33,183.3 2 1
github.com/sentra-iam/sentra-iam/internal/services/user.go:184.2,184.44 1 1
github.com/sentra-iam/sentra-iam/internal/services/user.go:184.44,194.3 2 1
github.com/sentra-iam/sentra-iam/internal/services/user.go:196.2,196.119 1 1
github.com/sentra-iam/sentra-iam/internal/services/user.go:196.119,206.3 2 1
github.com/sentra-iam/sentra-iam/internal/services/user.go:208.2,208.15 1 1
github.com/sentra-iam/sentra-iam/internal/services/user.go:211.156,214.16 3 1
github.com/sentra-iam/sentra-iam/internal/services/user.go:214.16,216.3 1 1
github.com/sentra-iam/sentra-iam/internal/services/user.go:217.2,217.29 1 1
github.com/sentra-iam/sentra-iam/internal/services/user.go:217.29,219.17 2 1
github.com/sentra-iam/sentra-iam/internal/services/user.go:219.17,221.4 1 0
github.com/sentra-iam/sentra-iam/internal/services/user.go:222.3,222.23 1 1
github.com/sentra-iam/sentra-iam/internal/services/user.go:224.2,225.16 2 1
github.com/sentra-iam/sentra-iam/internal/services/user.go:225.16,227.3 1 0
github.com/sentra-iam/sentra-iam/internal/services/user.go:228.2,228.22 1 1
github.com/sentra-iam/sentra-iam/internal/services/user.go:231.119,233.16 2 1
github.com/sentra-iam/sentra-iam/internal/services/user.go:233.16,235.3 1 0
github.com/sentra-iam/sentra-iam/internal/services/user.go:236.2,237.16 2 1
github.com/sentra-iam/sentra-iam/internal/services/user.go:237.16,241.3 1 0
github.com/sentra-iam/sentra-iam/internal/services/user.go:242.2,247.8 1 1
github.com/sentra-iam/sentra-iam/internal/services/user.go:250.117,252.16 2 1
github.com/sentra-iam/sentra-iam/internal/services/user.go:252.16,256.3 1 1
github.com/sentra-iam/sentra-iam/internal/services/user.go:257.2,257.82 1 1
github.com/sentra-iam/sentra-iam/internal/services/user.go:257.82,259.3 1 0
github.com/sentra-iam/sentra-iam/internal/services/user.go:260.2,261.16 2 1
github.com/sentra-iam/sentra-iam/internal/services/user.go:261.16,263.3 1 0
github.com/sentra-iam/sentra-iam/internal/services/user.go:264.2,265.16 2 1
github.com/sentra-iam/sentra-iam/internal/services/user.go:265.16,267.3 1 0
github.com/sentra-iam/sentra-iam/internal/services/user.go:268.2,277.17 2 1
github.com/sentra-iam/sentra-iam/internal/services/user.go:280.111,281.78 1 1
github.com/sentra-iam/sentra-iam/internal/services/user.go:281.78,283.3 1 1
github.com/sentra-iam/sentra-iam/internal/services/user.go:284.2,285.16 2 1
github.com/sentra-iam/sentra-iam/internal/services/user.go:285.16,287.3 1 0
github.com/sentra-iam/sentra-iam/internal/services/user.go:288.2,289.16 2 1
github.com/sentra-iam/sentra-iam/internal/services/user.go:289.16,291.3 1 0
github.com/sentra-iam/sentra-iam/internal/services/user.go:292.2,301.17 2 1
github.com/sentra-iam/sentra-iam/internal/services/user.go:304.125,306.2 1 1
github.com/sentra-iam/sentra-iam/internal/services/user.go:308.112,310.15 2 1
github.com/sentra-iam/sentra-iam/internal/services/user.go:310.15,314.3 1 1
github.com/sentra-iam/sentra-iam/internal/services/user.go:316.2,318.16 3 1
github.com/sentra-iam/sentra-iam/internal/services/user.go:318.16,320.76 2 1
github.com/sentra-iam/sentra-iam/internal/services/user.go:320.76,324.4 1 1
github.com/sentra-iam/sentra-iam/internal/services/user.go:325.3,325.18 1 0
github.com/sentra-iam/sentra-iam/internal/services/user.go:328.2,329.16 2 1
github.com/sentra-iam/sentra-iam/internal/services/user.go:329.16,331.3 1 0
github.com/sentra-iam/sentra-iam/internal/services/user.go:332.2,332.44 1 1
github.com/sentra-iam/sentra-iam/internal/services/user.go:332.44,336.3 1 1
github.com/sentra-iam/sentra-iam/internal/services/user.go:338.2,340.16 3 1
github.com/sentra-iam/sentra-iam/internal/services/user.go:340.16,344.3 1 0
github.com/sentra-iam/sentra-iam/internal/services/user.go:346.2,347.16 2 1
github.com/sentra-iam/sentra-iam/internal/services/user.go:347.16,351.3 1 0
github.com/sentra-iam/sentra-iam/internal/services/user.go:353.2,363.81 3 1
github.com/sentra-iam/sentra-iam/internal/services/user.go:363.81,365.3 1 0
github.com/sentra-iam/sentra-iam/internal/services/user.go:367.2,384.8 2 1
github.com/sentra-iam/sentra-iam/internal/services/user.go:387.128,389.16 2 1
github.com/sentra-iam/sentra-iam/internal/services/user.go:389.16,393.3 1 0
github.com/sentra-iam/sentra-iam/internal/services/user.go:395.2,396.16 2 1
github.com/sentra-iam/sentra-iam/internal/services/user.go:396.16,400.3 1 0
github.com/sentra-iam/sentra-iam/internal/services/user.go:402.2,411.59 2 1
github.com/sentra-iam/sentra-iam/internal/services/user.go:411.59,413.3 1 1
github.com/sentra-iam/sentra-iam/internal/services/user.go:415.2,432.8 2 1
github.com/sentra-iam/sentra-iam/internal/services/user.go:435.92,437.2 1 1
github.com/sentra-iam/sentra-iam/internal/services/user.go:439.127,440.65 1 1
github.com/sentra-iam/sentra-iam/internal/services/user.go:440.65,442.3 1 1
github.com/sentra-iam/sentra-iam/internal/services/user.go:444.2,445.16 2 1
github.com/sentra-iam/sentra-iam/internal/services/user.go:445.16,447.3 1 0
github.com/sentra-iam/sentra-iam/internal/services/user.go:448.2,448.51 1 1
github.com/sentra-iam/sentra-iam/internal/services/user.go:448.51,450.3 1 1
github.com/sentra-iam/sentra-iam/internal/services/user.go:452.2,453.26 2 1
github.com/sentra-iam/sentra-iam/internal/services/user.go:453.26,455.17 2 1
github.com/sentra-iam/sentra-iam/internal/services/user.go:455.17,457.4 1 1
github.com/sentra-iam/sentra-iam/internal/services/user.go:458.3,458.26 1 1
github.com/sentra-iam/sentra-iam/internal/services/user.go:460.2,460.25 1 1
github.com/sentra-iam/sentra-iam/internal/services/user.go:460.25,463.3 2 1
github.com/sentra-iam/sentra-iam/internal/services/user.go:465.2,465.53 1 1
github.com/sentra-iam/sentra-iam/internal/services/user.go:468.105,470.16 2 1
github.com/sentra-iam/sentra-iam/internal/services/user.go:470.16,472.3 1 1
github.com/sentra-iam/sentra-iam/internal/services/user.go:473.2,473.50 1 1
github.com/sentra-iam/sentra-iam/internal/services/user.go:476.156,478.16 2 1
github.com/sentra-iam/sentra-iam/internal/services/user.go:478.16,480.3 1 0
github.com/sentra-iam/sentra-iam/internal/services/user.go:481.2,481.74 1 1
github.com/sentra-iam/sentra-iam/internal/services/user.go:484.90,486.25 2 1
github.com/sentra-iam/sentra-iam/internal/services/user.go:486.25,491.22 2 1
github.com/sentra-iam/sentra-iam/internal/services/user.go:491.22,494.4 2 1
github.com/sentra-iam/sentra-iam/internal/services/user.go:495.3,495.29 1 1
github.com/sentra-iam/sentra-iam/internal/services/user.go:497.2,497.12 1 1
github.com/sentra-iam/sentra-iam/internal/services/user.go:500.95,501.18 1 1
github.com/sentra-iam/sentra-iam/internal/services/user.go:501.18,503.3 1 1
github.com/sentra-iam/sentra-iam/internal/services/user.go:504.2,504.62 1 1
github.com/sentra-iam/sentra-iam/internal/services/webauthn.go:48.19,57.2 1 1
github.com/sentra-iam/sentra-iam/internal/services/webauthn.go:68.105,70.16 2 1
github.com/sentra-iam/sentra-iam/internal/services/webauthn.go:70.16,72.3 1 1
github.com/sentra-iam/sentra-iam/internal/services/webauthn.go:73.2,74.16 2 1
github.com/sentra-iam/sentra-iam/internal/services/webauthn.go:74.16,76.3 1 1
github.com/sentra-iam/sentra-iam/internal/services/webauthn.go:77.2,78.15 2 1
github.com/sentra-iam/sentra-iam/internal/services/webauthn.go:81.158,83.16 2 1
github.com/sentra-iam/sentra-iam/internal/services/webauthn.go:83.16,85.3 1 1
github.com/sentra-iam/sentra-iam/internal/services/webauthn.go:86.2,86.42 1 1
github.com/sentra-iam/sentra-iam/internal/services/webauthn.go:89.122,91.16 2 1
github.com/sentra-iam/sentra-iam/internal/services/webauthn.go:91.16,93.3 1 1
github.com/sentra-iam/sentra-iam/internal/services/webauthn.go:94.2,96.49 3 1
github.com/sentra-iam/sentra-iam/internal/services/webauthn.go:96.49,98.3 1 0
github.com/sentra-iam/sentra-iam/internal/services/webauthn.go:99.2,100.16 2 1
github.com/sentra-iam/sentra-iam/internal/services/webauthn.go:100.16,105.3 2 0
github.com/sentra-iam/sentra-iam/internal/services/webauthn.go:106.2,108.16 3 1
github.com/sentra-iam/sentra-iam/internal/services/webauthn.go:108.16,110.3 1 0
github.com/sentra-iam/sentra-iam/internal/services/webauthn.go:113.2,114.16 2 1
github.com/sentra-iam/sentra-iam/internal/services/webauthn.go:114.16,118.3 1 0
github.com/sentra-iam/sentra-iam/internal/services/webauthn.go:119.2,119.24 1 1
github.com/sentra-iam/sentra-iam/internal/services/webauthn.go:122.121,124.93 2 1
github.com/sentra-iam/sentra-iam/internal/services/webauthn.go:124.93,126.3 1 1
github.com/sentra-iam/sentra-iam/internal/services/webauthn.go:127.2,128.16 2 1
github.com/sentra-iam/sentra-iam/internal/services/webauthn.go:128.16,130.3 1 1
github.com/sentra-iam/sentra-iam/internal/services/webauthn.go:131.2,133.16 3 1
github.com/sentra-iam/sentra-iam/internal/services/webauthn.go:133.16,137.3 1 1
github.com/sentra-iam/sentra-iam/internal/services/webauthn.go:138.2,139.16 2 1
github.com/sentra-iam/sentra-iam/internal/services/webauthn.go:139.16,144.3 2 1
github.com/sentra-iam/sentra-iam/internal/services/webauthn.go:145.2,146.16 2 1
github.com/sentra-iam/sentra-iam/internal/services/webauthn.go:146.16,150.3 1 0
github.com/sentra-iam/sentra-iam/internal/services/webauthn.go:151.2,152.18 2 1
github.com/sentra-iam/sentra-iam/internal/services/webauthn.go:152.18,154.3 1 1
github.com/sentra-iam/sentra-iam/internal/services/webauthn.go:155.2,163.52 2 1
github.com/sentra-iam/sentra-iam/internal/services/webauthn.go:163.52,165.3 1 0
github.com/sentra-iam/sentra-iam/internal/services/webauthn.go:166.2,178.12 3 1
github.com/sentra-iam/sentra-iam/internal/services/webauthn.go:181.106,184.16 3 1
github.com/sentra-iam/sentra-iam/internal/services/webauthn.go:184.16,185.98 1 1
github.com/sentra-iam/sentra-iam/internal/services/webauthn.go:185.98,187.4 1 1
github.com/sentra-iam/sentra-iam/internal/services/webauthn.go:188.3,188.22 1 0
github.com/sentra-iam/sentra-iam/internal/services/webauthn.go:190.2,190.44 1 1
github.com/sentra-iam/sentra-iam/internal/services/webauthn.go:190.44,192.3 1 1
github.com/sentra-iam/sentra-iam/internal/services/webauthn.go:193.2,194.16 2 1
github.com/sentra-iam/sentra-iam/internal/services/webauthn.go:194.16,196.3 1 1
github.com/sentra-iam/sentra-iam/internal/services/webauthn.go:197.2,198.37 2 1
github.com/sentra-iam/sentra-iam/internal/services/webauthn.go:198.37,200.3 1 0
github.com/sentra-iam/sentra-iam/internal/services/webauthn.go:201.2,203.16 3 1
github.com/sentra-iam/sentra-iam/internal/services/webauthn.go:203.16,206.3 2 0
github.com/sentra-iam/sentra-iam/internal/services/webauthn.go:207.2,209.16 3 1
github.com/sentra-iam/sentra-iam/internal/services/webauthn.go:209.16,211.3 1 0
github.com/sentra-iam/sentra-iam/internal/services/webauthn.go:212.2,213.16 2 1
github.com/sentra-iam/sentra-iam/internal/services/webauthn.go:213.16,217.3 1 0
github.com/sentra-iam/sentra-iam/internal/services/webauthn.go:218.2,218.24 1 1
github.com/sentra-iam/sentra-iam/internal/services/webauthn.go:223.98,225.16 2 1
github.com/sentra-iam/sentra-iam/internal/services/webauthn.go:225.16,229.3 1 0
github.com/sentra-iam/sentra-iam/internal/services/webauthn.go:230.2,232.16 3 1
github.com/sentra-iam/sentra-iam/internal/services/webauthn.go:232.16,234.3 1 0
github.com/sentra-iam/sentra-iam/internal/services/webauthn.go:235.2,236.16 2 1
github.com/sentra-iam/sentra-iam/internal/services/webauthn.go:236.16,238.3 1 0
github.com/sentra-iam/sentra-iam/internal/services/webauthn.go:239.2,239.24 1 1
github.com/sentra-iam/sentra-iam/internal/services/webauthn.go:242.133,244.86 2 1
github.com/sentra-iam/sentra-iam/internal/services/webauthn.go:244.86,246.3 1 1
github.com/sentra-iam/sentra-iam/internal/services/webauthn.go:247.2,249.16 3 1
github.com/sentra-iam/sentra-iam/internal/services/webauthn.go:249.16,253.3 1 1
github.com/sentra-iam/sentra-iam/internal/services/webauthn.go:254.2,254.44 1 1
github.com/sentra-iam/sentra-iam/internal/services/webauthn.go:254.44,258.3 1 0
github.com/sentra-iam/sentra-iam/internal/services/webauthn.go:259.2,260.16 2 1
github.com/sentra-iam/sentra-iam/internal/services/webauthn.go:260.16,262.3 1 0
github.com/sentra-iam/sentra-iam/internal/services/webauthn.go:263.2,264.37 2 1
github.com/sentra-iam/sentra-iam/internal/services/webauthn.go:264.37,268.3 1 1
github.com/sentra-iam/sentra-iam/internal/services/webauthn.go:269.2,271.16 3 1
github.com/sentra-iam/sentra-iam/internal/services/webauthn.go:271.16,275.3 1 1
github.com/sentra-iam/sentra-iam/internal/services/webauthn.go:276.2,277.16 2 1
github.com/sentra-iam/sentra-iam/internal/services/webauthn.go:277.16,286.3 2 0
github.com/sentra-iam/sentra-iam/internal/services/webauthn.go:287.2,289.16 3 1
github.com/sentra-iam/sentra-iam/internal/services/webauthn.go:289.16,293.3 1 0
github.com/sentra-iam/sentra-iam/internal/services/webauthn.go:294.2,294.24 1 1
github.com/sentra-iam/sentra-iam/internal/services/webauthn.go:294.24,298.3 1 1
github.com/sentra-iam/sentra-iam/internal/services/webauthn.go:299.2,300.16 2 1
github.com/sentra-iam/sentra-iam/internal/services/webauthn.go:300.16,302.3 1 0
github.com/sentra-iam/sentra-iam/internal/services/webauthn.go:303.2,303.119 1 1
github.com/sentra-iam/sentra-iam/internal/services/webauthn.go:303.119,305.3 1 1
github.com/sentra-iam/sentra-iam/internal/services/webauthn.go:306.2,317.15 3 1
